{"meta": {"format": 3, "version": "7.12.0", "timestamp": "2025-11-28T18:08:52.756300", "branch_coverage": false, "show_contexts": false}, "files": {"ai/__init__.py": {"executed_lines": [0], "summary": {"covered_lines": 0, "num_statements": 0, "percent_covered": 100.0, "percent_covered_display": "100", "missing_lines": 0, "excluded_lines": 0, "percent_statements_covered": 100.0, "percent_statements_covered_display": "100"}, "missing_lines": [], "excluded_lines": [], "functions": {"": {"executed_lines": [], "summary": {"covered_lines": 0, "num_statements": 0, "percent_covered": 100.0, "percent_covered_display": "100", "missing_lines": 0, "excluded_lines": 0, "percent_statements_covered": 100.0, "percent_statements_covered_display": "100"}, "missing_lines": [], "excluded_lines": []}}, "classes": {"": {"executed_lines": [], "summary": {"covered_lines": 0, "num_statements": 0, "percent_covered": 100.0, "percent_covered_display": "100", "missing_lines": 0, "excluded_lines": 0, "percent_statements_covered": 100.0, "percent_statements_covered_display": "100"}, "missing_lines": [], "excluded_lines": []}}}, "ai/ingest.py": {"executed_lines": [], "summary": {"covered_lines": 0, "num_statements": 68, "percent_covered": 0.0, "percent_covered_display": "0", "missing_lines": 68, "excluded_lines": 0, "percent_statements_covered": 0.0, "percent_statements_covered_display": "0"}, "missing_lines": [1, 2, 3, 4, 5, 6, 7, 8, 9, 11, 18, 19, 22, 23, 27, 30, 34, 38, 42, 45, 48, 52, 56, 58, 60, 65, 68, 69, 70, 73, 74, 75, 77, 79, 80, 82, 85, 86, 87, 88, 89, 92, 95, 96, 100, 101, 103, 104, 107, 108, 109, 110, 111, 113, 114, 115, 117, 118, 119, 122, 123, 126, 127, 130, 136, 138, 140, 141], "excluded_lines": [], "functions": {"scrub_sensitive_data": {"executed_lines": [], "summary": {"covered_lines": 0, "num_statements": 14, "percent_covered": 0.0, "percent_covered_display": "0", "missing_lines": 14, "excluded_lines": 0, "percent_statements_covered": 0.0, "percent_statements_covered_display": "0"}, "missing_lines": [18, 19, 22, 23, 27, 30, 34, 38, 42, 45, 48, 52, 56, 58], "excluded_lines": []}, "extract_metadata_from_headers": {"executed_lines": [], "summary": {"covered_lines": 0, "num_statements": 8, "percent_covered": 0.0, "percent_covered_display": "0", "missing_lines": 8, "excluded_lines": 0, "percent_statements_covered": 0.0, "percent_statements_covered_display": "0"}, "missing_lines": [65, 68, 69, 70, 73, 74, 75, 77], "excluded_lines": []}, "ingest_notes": {"executed_lines": [], "summary": {"covered_lines": 0, "num_statements": 32, "percent_covered": 0.0, "percent_covered_display": "0", "missing_lines": 32, "excluded_lines": 0, "percent_statements_covered": 0.0, "percent_statements_covered_display": "0"}, "missing_lines": [80, 82, 85, 86, 87, 88, 89, 92, 95, 96, 100, 101, 103, 104, 107, 108, 109, 110, 111, 113, 114, 115, 117, 118, 119, 122, 123, 126, 127, 130, 136, 138], "excluded_lines": []}, "": {"executed_lines": [], "summary": {"covered_lines": 0, "num_statements": 14, "percent_covered": 0.0, "percent_covered_display": "0", "missing_lines": 14, "excluded_lines": 0, "percent_statements_covered": 0.0, "percent_statements_covered_display": "0"}, "missing_lines": [1, 2, 3, 4, 5, 6, 7, 8, 9, 11, 60, 79, 140, 141], "excluded_lines": []}}, "classes": {"": {"executed_lines": [], "summary": {"covered_lines": 0, "num_statements": 68, "percent_covered": 0.0, "percent_covered_display": "0", "missing_lines": 68, "excluded_lines": 0, "percent_statements_covered": 0.0, "percent_statements_covered_display": "0"}, "missing_lines": [1, 2, 3, 4, 5, 6, 7, 8, 9, 11, 18, 19, 22, 23, 27, 30, 34, 38, 42, 45, 48, 52, 56, 58, 60, 65, 68, 69, 70, 73, 74, 75, 77, 79, 80, 82, 85, 86, 87, 88, 89, 92, 95, 96, 100, 101, 103, 104, 107, 108, 109, 110, 111, 113, 114, 115, 117, 118, 119, 122, 123, 126, 127, 130, 136, 138, 140, 141], "excluded_lines": []}}}, "ai/router.py": {"executed_lines": [1, 6, 26, 27, 32, 34, 42, 47, 52, 57, 60, 61, 62, 63, 66, 67, 68, 69, 72, 73, 74, 75, 78, 79, 80, 81, 82, 85, 86, 89, 93, 95, 96, 99], "summary": {"covered_lines": 32, "num_statements": 39, "percent_covered": 82.05128205128206, "percent_covered_display": "82", "missing_lines": 7, "excluded_lines": 0, "percent_statements_covered": 82.05128205128206, "percent_statements_covered_display": "82"}, "missing_lines": [101, 103, 111, 112, 113, 114, 115], "excluded_lines": [], "functions": {"QueryRouter.__init__": {"executed_lines": [34, 42], "summary": {"covered_lines": 2, "num_statements": 2, "percent_covered": 100.0, "percent_covered_display": "100", "missing_lines": 0, "excluded_lines": 0, "percent_statements_covered": 100.0, "percent_statements_covered_display": "100"}, "missing_lines": [], "excluded_lines": []}, "QueryRouter.route_query": {"executed_lines": [52, 57, 60, 61, 62, 63, 66, 67, 68, 69, 72, 73, 74, 75, 78, 79, 80, 81, 82, 85, 86, 89], "summary": {"covered_lines": 22, "num_statements": 22, "percent_covered": 100.0, "percent_covered_display": "100", "missing_lines": 0, "excluded_lines": 0, "percent_statements_covered": 100.0, "percent_statements_covered_display": "100"}, "missing_lines": [], "excluded_lines": []}, "route_query": {"executed_lines": [95, 96], "summary": {"covered_lines": 2, "num_statements": 2, "percent_covered": 100.0, "percent_covered_display": "100", "missing_lines": 0, "excluded_lines": 0, "percent_statements_covered": 100.0, "percent_statements_covered_display": "100"}, "missing_lines": [], "excluded_lines": []}, "": {"executed_lines": [1, 6, 26, 27, 32, 47, 93, 99], "summary": {"covered_lines": 6, "num_statements": 13, "percent_covered": 46.15384615384615, "percent_covered_display": "46", "missing_lines": 7, "excluded_lines": 0, "percent_statements_covered": 46.15384615384615, "percent_statements_covered_display": "46"}, "missing_lines": [101, 103, 111, 112, 113, 114, 115], "excluded_lines": []}}, "classes": {"QueryRouter": {"executed_lines": [34, 42, 52, 57, 60, 61, 62, 63, 66, 67, 68, 69, 72, 73, 74, 75, 78, 79, 80, 81, 82, 85, 86, 89], "summary": {"covered_lines": 24, "num_statements": 24, "percent_covered": 100.0, "percent_covered_display": "100", "missing_lines": 0, "excluded_lines": 0, "percent_statements_covered": 100.0, "percent_statements_covered_display": "100"}, "missing_lines": [], "excluded_lines": []}, "": {"executed_lines": [1, 6, 26, 27, 32, 47, 93, 95, 96, 99], "summary": {"covered_lines": 8, "num_statements": 15, "percent_covered": 53.333333333333336, "percent_covered_display": "53", "missing_lines": 7, "excluded_lines": 0, "percent_statements_covered": 53.333333333333336, "percent_statements_covered_display": "53"}, "missing_lines": [101, 103, 111, 112, 113, 114, 115], "excluded_lines": []}}}, "ai/vector_engine.py": {"executed_lines": [], "summary": {"covered_lines": 0, "num_statements": 30, "percent_covered": 0.0, "percent_covered_display": "0", "missing_lines": 30, "excluded_lines": 0, "percent_statements_covered": 0.0, "percent_statements_covered_display": "0"}, "missing_lines": [1, 2, 3, 5, 6, 7, 10, 11, 12, 14, 15, 17, 18, 20, 22, 23, 24, 26, 29, 30, 33, 34, 37, 40, 42, 44, 46, 48, 49, 50], "excluded_lines": [], "functions": {"PyTorchEmbedder.__init__": {"executed_lines": [], "summary": {"covered_lines": 0, "num_statements": 8, "percent_covered": 0.0, "percent_covered_display": "0", "missing_lines": 8, "excluded_lines": 0, "percent_statements_covered": 0.0, "percent_statements_covered_display": "0"}, "missing_lines": [7, 10, 11, 12, 14, 15, 17, 18], "excluded_lines": []}, "PyTorchEmbedder._mean_pooling": {"executed_lines": [], "summary": {"covered_lines": 0, "num_statements": 3, "percent_covered": 0.0, "percent_covered_display": "0", "missing_lines": 3, "excluded_lines": 0, "percent_statements_covered": 0.0, "percent_statements_covered_display": "0"}, "missing_lines": [22, 23, 24], "excluded_lines": []}, "PyTorchEmbedder.embed_documents": {"executed_lines": [], "summary": {"covered_lines": 0, "num_statements": 6, "percent_covered": 0.0, "percent_covered_display": "0", "missing_lines": 6, "excluded_lines": 0, "percent_statements_covered": 0.0, "percent_statements_covered_display": "0"}, "missing_lines": [29, 30, 33, 34, 37, 40], "excluded_lines": []}, "PyTorchEmbedder.embed_query": {"executed_lines": [], "summary": {"covered_lines": 0, "num_statements": 1, "percent_covered": 0.0, "percent_covered_display": "0", "missing_lines": 1, "excluded_lines": 0, "percent_statements_covered": 0.0, "percent_statements_covered_display": "0"}, "missing_lines": [44], "excluded_lines": []}, "": {"executed_lines": [], "summary": {"covered_lines": 0, "num_statements": 12, "percent_covered": 0.0, "percent_covered_display": "0", "missing_lines": 12, "excluded_lines": 0, "percent_statements_covered": 0.0, "percent_statements_covered_display": "0"}, "missing_lines": [1, 2, 3, 5, 6, 20, 26, 42, 46, 48, 49, 50], "excluded_lines": []}}, "classes": {"PyTorchEmbedder": {"executed_lines": [], "summary": {"covered_lines": 0, "num_statements": 18, "percent_covered": 0.0, "percent_covered_display": "0", "missing_lines": 18, "excluded_lines": 0, "percent_statements_covered": 0.0, "percent_statements_covered_display": "0"}, "missing_lines": [7, 10, 11, 12, 14, 15, 17, 18, 22, 23, 24, 29, 30, 33, 34, 37, 40, 44], "excluded_lines": []}, "": {"executed_lines": [], "summary": {"covered_lines": 0, "num_statements": 12, "percent_covered": 0.0, "percent_covered_display": "0", "missing_lines": 12, "excluded_lines": 0, "percent_statements_covered": 0.0, "percent_statements_covered_display": "0"}, "missing_lines": [1, 2, 3, 5, 6, 20, 26, 42, 46, 48, 49, 50], "excluded_lines": []}}}, "core/__init__.py": {"executed_lines": [0], "summary": {"covered_lines": 0, "num_statements": 0, "percent_covered": 100.0, "percent_covered_display": "100", "missing_lines": 0, "excluded_lines": 0, "percent_statements_covered": 100.0, "percent_statements_covered_display": "100"}, "missing_lines": [], "excluded_lines": [], "functions": {"": {"executed_lines": [], "summary": {"covered_lines": 0, "num_statements": 0, "percent_covered": 100.0, "percent_covered_display": "100", "missing_lines": 0, "excluded_lines": 0, "percent_statements_covered": 100.0, "percent_statements_covered_display": "100"}, "missing_lines": [], "excluded_lines": []}}, "classes": {"": {"executed_lines": [], "summary": {"covered_lines": 0, "num_statements": 0, "percent_covered": 100.0, "percent_covered_display": "100", "missing_lines": 0, "excluded_lines": 0, "percent_statements_covered": 100.0, "percent_statements_covered_display": "100"}, "missing_lines": [], "excluded_lines": []}}}, "core/config.py": {"executed_lines": [1, 5, 6, 7, 10, 11, 15, 18, 19, 20, 23, 24, 28, 32, 36, 39, 43], "summary": {"covered_lines": 17, "num_statements": 17, "percent_covered": 100.0, "percent_covered_display": "100", "missing_lines": 0, "excluded_lines": 0, "percent_statements_covered": 100.0, "percent_statements_covered_display": "100"}, "missing_lines": [], "excluded_lines": [], "functions": {"": {"executed_lines": [1, 5, 6, 7, 10, 11, 15, 18, 19, 20, 23, 24, 28, 32, 36, 39, 43], "summary": {"covered_lines": 17, "num_statements": 17, "percent_covered": 100.0, "percent_covered_display": "100", "missing_lines": 0, "excluded_lines": 0, "percent_statements_covered": 100.0, "percent_statements_covered_display": "100"}, "missing_lines": [], "excluded_lines": []}}, "classes": {"": {"executed_lines": [1, 5, 6, 7, 10, 11, 15, 18, 19, 20, 23, 24, 28, 32, 36, 39, 43], "summary": {"covered_lines": 17, "num_statements": 17, "percent_covered": 100.0, "percent_covered_display": "100", "missing_lines": 0, "excluded_lines": 0, "percent_statements_covered": 100.0, "percent_statements_covered_display": "100"}, "missing_lines": [], "excluded_lines": []}}}, "core/council.py": {"executed_lines": [], "summary": {"covered_lines": 0, "num_statements": 479, "percent_covered": 0.0, "percent_covered_display": "0", "missing_lines": 479, "excluded_lines": 0, "percent_statements_covered": 0.0, "percent_statements_covered_display": "0"}, "missing_lines": [1, 2, 3, 4, 5, 6, 7, 8, 9, 10, 11, 12, 13, 14, 15, 16, 17, 18, 20, 21, 22, 25, 26, 27, 28, 31, 32, 33, 34, 35, 36, 39, 42, 44, 45, 48, 51, 54, 57, 60, 62, 64, 65, 68, 69, 71, 74, 75, 76, 77, 78, 79, 80, 81, 83, 84, 85, 86, 88, 89, 90, 91, 92, 94, 95, 96, 97, 98, 99, 100, 102, 103, 104, 105, 106, 107, 109, 111, 112, 113, 114, 115, 118, 119, 120, 122, 124, 125, 127, 128, 129, 131, 133, 134, 136, 137, 138, 139, 140, 141, 143, 145, 146, 147, 149, 154, 159, 162, 169, 170, 171, 172, 175, 180, 181, 182, 183, 186, 187, 188, 189, 192, 193, 194, 195, 196, 199, 200, 203, 205, 210, 212, 215, 217, 218, 221, 222, 225, 226, 227, 228, 231, 232, 233, 235, 237, 239, 245, 248, 250, 251, 252, 254, 255, 256, 258, 260, 262, 264, 265, 267, 272, 273, 285, 291, 292, 293, 294, 295, 296, 297, 300, 301, 302, 303, 305, 307, 308, 309, 311, 312, 313, 314, 315, 317, 319, 320, 321, 326, 327, 329, 330, 331, 333, 334, 335, 336, 337, 339, 341, 342, 343, 344, 345, 350, 351, 353, 354, 355, 357, 358, 359, 360, 361, 362, 363, 364, 365, 366, 367, 369, 370, 371, 373, 374, 376, 379, 381, 382, 383, 385, 387, 390, 391, 392, 393, 394, 395, 397, 398, 401, 404, 405, 406, 407, 409, 411, 412, 413, 414, 415, 416, 418, 420, 421, 423, 424, 425, 426, 428, 429, 431, 432, 434, 436, 437, 439, 441, 442, 444, 447, 448, 451, 453, 455, 456, 458, 459, 460, 462, 463, 465, 467, 468, 469, 472, 475, 476, 478, 480, 481, 483, 484, 485, 487, 495, 496, 497, 499, 500, 501, 502, 504, 505, 508, 509, 511, 514, 525, 527, 529, 530, 531, 534, 535, 537, 538, 539, 540, 542, 543, 544, 547, 549, 551, 552, 554, 557, 558, 560, 561, 562, 564, 565, 566, 567, 568, 569, 570, 571, 572, 573, 575, 577, 578, 581, 582, 583, 584, 585, 586, 587, 590, 592, 593, 595, 596, 598, 599, 600, 601, 602, 603, 604, 605, 606, 607, 608, 609, 610, 611, 612, 614, 615, 616, 617, 618, 619, 620, 621, 623, 625, 627, 629, 630, 631, 632, 633, 634, 637, 638, 641, 644, 645, 646, 647, 648, 650, 651, 655, 656, 657, 658, 659, 661, 662, 665, 666, 670, 671, 673, 674, 675, 676, 677, 678, 679, 680, 681, 682, 683, 686, 687, 688, 691, 692, 693, 696, 697, 698, 699, 700, 701, 702, 704, 705, 707, 708, 709, 710, 712, 713, 718, 721, 724, 725, 727, 729, 730, 731, 733, 735, 736, 739, 740, 741, 742, 744, 745, 746, 750, 751, 752, 754, 756, 757, 760, 761, 762, 763, 765, 766, 767, 769, 770, 771, 772, 773, 774], "excluded_lines": [], "functions": {"CyberCouncil.__init__": {"executed_lines": [], "summary": {"covered_lines": 0, "num_statements": 20, "percent_covered": 0.0, "percent_covered_display": "0", "missing_lines": 20, "excluded_lines": 0, "percent_statements_covered": 0.0, "percent_statements_covered_display": "0"}, "missing_lines": [22, 25, 26, 27, 28, 31, 32, 33, 34, 35, 36, 39, 42, 44, 45, 48, 51, 54, 57, 60], "excluded_lines": []}, "CyberCouncil.validate_ollama_models": {"executed_lines": [], "summary": {"covered_lines": 0, "num_statements": 35, "percent_covered": 0.0, "percent_covered_display": "0", "missing_lines": 35, "excluded_lines": 0, "percent_statements_covered": 0.0, "percent_statements_covered_display": "0"}, "missing_lines": [64, 65, 68, 69, 71, 74, 75, 76, 77, 78, 79, 80, 81, 83, 84, 85, 86, 88, 89, 90, 91, 92, 94, 95, 96, 97, 98, 99, 100, 102, 103, 104, 105, 106, 107], "excluded_lines": []}, "CyberCouncil.check_database_health": {"executed_lines": [], "summary": {"covered_lines": 0, "num_statements": 8, "percent_covered": 0.0, "percent_covered_display": "0", "missing_lines": 8, "excluded_lines": 0, "percent_statements_covered": 0.0, "percent_statements_covered_display": "0"}, "missing_lines": [111, 112, 113, 114, 115, 118, 119, 120], "excluded_lines": []}, "CyberCouncil.cleanup": {"executed_lines": [], "summary": {"covered_lines": 0, "num_statements": 5, "percent_covered": 0.0, "percent_covered_display": "0", "missing_lines": 5, "excluded_lines": 0, "percent_statements_covered": 0.0, "percent_statements_covered_display": "0"}, "missing_lines": [124, 125, 127, 128, 129], "excluded_lines": []}, "CyberCouncil.call_ollama_with_retry": {"executed_lines": [], "summary": {"covered_lines": 0, "num_statements": 12, "percent_covered": 0.0, "percent_covered_display": "0", "missing_lines": 12, "excluded_lines": 0, "percent_statements_covered": 0.0, "percent_statements_covered_display": "0"}, "missing_lines": [133, 134, 136, 137, 138, 139, 140, 141, 143, 145, 146, 147], "excluded_lines": []}, "CyberCouncil.route_query_hybrid": {"executed_lines": [], "summary": {"covered_lines": 0, "num_statements": 24, "percent_covered": 0.0, "percent_covered_display": "0", "missing_lines": 24, "excluded_lines": 0, "percent_statements_covered": 0.0, "percent_statements_covered_display": "0"}, "missing_lines": [154, 159, 162, 169, 170, 171, 172, 175, 180, 181, 182, 183, 186, 187, 188, 189, 192, 193, 194, 195, 196, 199, 200, 203], "excluded_lines": []}, "CyberCouncil.retrieve_with_mmr": {"executed_lines": [], "summary": {"covered_lines": 0, "num_statements": 30, "percent_covered": 0.0, "percent_covered_display": "0", "missing_lines": 30, "excluded_lines": 0, "percent_statements_covered": 0.0, "percent_statements_covered_display": "0"}, "missing_lines": [210, 212, 215, 217, 218, 221, 222, 225, 226, 227, 228, 231, 232, 233, 235, 237, 239, 245, 248, 250, 251, 252, 254, 255, 256, 258, 260, 262, 264, 265], "excluded_lines": []}, "CyberCouncil.classify_log_section": {"executed_lines": [], "summary": {"covered_lines": 0, "num_statements": 14, "percent_covered": 0.0, "percent_covered_display": "0", "missing_lines": 14, "excluded_lines": 0, "percent_statements_covered": 0.0, "percent_statements_covered_display": "0"}, "missing_lines": [272, 273, 285, 291, 292, 293, 294, 295, 296, 297, 300, 301, 302, 303], "excluded_lines": []}, "CyberCouncil.review_pending_logs": {"executed_lines": [], "summary": {"covered_lines": 0, "num_statements": 50, "percent_covered": 0.0, "percent_covered_display": "0", "missing_lines": 50, "excluded_lines": 0, "percent_statements_covered": 0.0, "percent_statements_covered_display": "0"}, "missing_lines": [307, 308, 309, 311, 312, 313, 314, 315, 317, 319, 320, 321, 326, 327, 329, 330, 331, 333, 334, 335, 336, 337, 339, 341, 342, 343, 344, 345, 350, 351, 353, 354, 355, 357, 358, 359, 360, 361, 362, 363, 364, 365, 366, 367, 369, 370, 371, 373, 374, 376], "excluded_lines": []}, "CyberCouncil.list_recent_projects": {"executed_lines": [], "summary": {"covered_lines": 0, "num_statements": 18, "percent_covered": 0.0, "percent_covered_display": "0", "missing_lines": 18, "excluded_lines": 0, "percent_statements_covered": 0.0, "percent_statements_covered_display": "0"}, "missing_lines": [381, 382, 383, 385, 387, 390, 391, 392, 393, 394, 395, 397, 398, 401, 404, 405, 406, 407], "excluded_lines": []}, "CyberCouncil.search_projects": {"executed_lines": [], "summary": {"covered_lines": 0, "num_statements": 6, "percent_covered": 0.0, "percent_covered_display": "0", "missing_lines": 6, "excluded_lines": 0, "percent_statements_covered": 0.0, "percent_statements_covered_display": "0"}, "missing_lines": [411, 412, 413, 414, 415, 416], "excluded_lines": []}, "CyberCouncil.generate_sitrep": {"executed_lines": [], "summary": {"covered_lines": 0, "num_statements": 28, "percent_covered": 0.0, "percent_covered_display": "0", "missing_lines": 28, "excluded_lines": 0, "percent_statements_covered": 0.0, "percent_statements_covered_display": "0"}, "missing_lines": [420, 421, 423, 424, 425, 426, 428, 429, 431, 432, 434, 436, 437, 439, 441, 442, 444, 447, 448, 451, 453, 455, 456, 458, 459, 460, 462, 463], "excluded_lines": []}, "CyberCouncil.show_attack_graph": {"executed_lines": [], "summary": {"covered_lines": 0, "num_statements": 6, "percent_covered": 0.0, "percent_covered_display": "0", "missing_lines": 6, "excluded_lines": 0, "percent_statements_covered": 0.0, "percent_statements_covered_display": "0"}, "missing_lines": [467, 468, 469, 472, 475, 476], "excluded_lines": []}, "CyberCouncil.update_attack_graph": {"executed_lines": [], "summary": {"covered_lines": 0, "num_statements": 5, "percent_covered": 0.0, "percent_covered_display": "0", "missing_lines": 5, "excluded_lines": 0, "percent_statements_covered": 0.0, "percent_statements_covered_display": "0"}, "missing_lines": [480, 481, 483, 484, 485], "excluded_lines": []}, "CyberCouncil.finalize_project": {"executed_lines": [], "summary": {"covered_lines": 0, "num_statements": 27, "percent_covered": 0.0, "percent_covered_display": "0", "missing_lines": 27, "excluded_lines": 0, "percent_statements_covered": 0.0, "percent_statements_covered_display": "0"}, "missing_lines": [495, 496, 497, 499, 500, 501, 502, 504, 505, 508, 509, 511, 514, 525, 527, 529, 530, 531, 534, 535, 537, 538, 539, 540, 542, 543, 544], "excluded_lines": []}, "CyberCouncil.retrieve_context": {"executed_lines": [], "summary": {"covered_lines": 0, "num_statements": 20, "percent_covered": 0.0, "percent_covered_display": "0", "missing_lines": 20, "excluded_lines": 0, "percent_statements_covered": 0.0, "percent_statements_covered_display": "0"}, "missing_lines": [549, 551, 552, 554, 557, 558, 560, 561, 562, 564, 565, 566, 567, 568, 569, 570, 571, 572, 573, 575], "excluded_lines": []}, "CyberCouncil.run": {"executed_lines": [], "summary": {"covered_lines": 0, "num_statements": 129, "percent_covered": 0.0, "percent_covered_display": "0", "missing_lines": 129, "excluded_lines": 0, "percent_statements_covered": 0.0, "percent_statements_covered_display": "0"}, "missing_lines": [578, 581, 582, 583, 584, 585, 586, 587, 590, 592, 593, 595, 596, 598, 599, 600, 601, 602, 603, 604, 605, 606, 607, 608, 609, 610, 611, 612, 614, 615, 616, 617, 618, 619, 620, 621, 623, 625, 627, 629, 630, 631, 632, 633, 634, 637, 638, 641, 644, 645, 646, 647, 648, 650, 651, 655, 656, 657, 658, 659, 661, 662, 665, 666, 670, 671, 673, 674, 675, 676, 677, 678, 679, 680, 681, 682, 683, 686, 687, 688, 691, 692, 693, 696, 697, 698, 699, 700, 701, 702, 704, 705, 707, 708, 709, 710, 712, 713, 718, 721, 724, 725, 727, 729, 730, 731, 733, 735, 736, 739, 740, 741, 742, 744, 745, 746, 750, 751, 752, 754, 756, 757, 760, 761, 762, 763, 765, 766, 767], "excluded_lines": []}, "": {"executed_lines": [], "summary": {"covered_lines": 0, "num_statements": 42, "percent_covered": 0.0, "percent_covered_display": "0", "missing_lines": 42, "excluded_lines": 0, "percent_statements_covered": 0.0, "percent_statements_covered_display": "0"}, "missing_lines": [1, 2, 3, 4, 5, 6, 7, 8, 9, 10, 11, 12, 13, 14, 15, 16, 17, 18, 20, 21, 62, 109, 122, 131, 149, 205, 267, 305, 379, 409, 418, 465, 478, 487, 547, 577, 769, 770, 771, 772, 773, 774], "excluded_lines": []}}, "classes": {"CyberCouncil": {"executed_lines": [], "summary": {"covered_lines": 0, "num_statements": 437, "percent_covered": 0.0, "percent_covered_display": "0", "missing_lines": 437, "excluded_lines": 0, "percent_statements_covered": 0.0, "percent_statements_covered_display": "0"}, "missing_lines": [22, 25, 26, 27, 28, 31, 32, 33, 34, 35, 36, 39, 42, 44, 45, 48, 51, 54, 57, 60, 64, 65, 68, 69, 71, 74, 75, 76, 77, 78, 79, 80, 81, 83, 84, 85, 86, 88, 89, 90, 91, 92, 94, 95, 96, 97, 98, 99, 100, 102, 103, 104, 105, 106, 107, 111, 112, 113, 114, 115, 118, 119, 120, 124, 125, 127, 128, 129, 133, 134, 136, 137, 138, 139, 140, 141, 143, 145, 146, 147, 154, 159, 162, 169, 170, 171, 172, 175, 180, 181, 182, 183, 186, 187, 188, 189, 192, 193, 194, 195, 196, 199, 200, 203, 210, 212, 215, 217, 218, 221, 222, 225, 226, 227, 228, 231, 232, 233, 235, 237, 239, 245, 248, 250, 251, 252, 254, 255, 256, 258, 260, 262, 264, 265, 272, 273, 285, 291, 292, 293, 294, 295, 296, 297, 300, 301, 302, 303, 307, 308, 309, 311, 312, 313, 314, 315, 317, 319, 320, 321, 326, 327, 329, 330, 331, 333, 334, 335, 336, 337, 339, 341, 342, 343, 344, 345, 350, 351, 353, 354, 355, 357, 358, 359, 360, 361, 362, 363, 364, 365, 366, 367, 369, 370, 371, 373, 374, 376, 381, 382, 383, 385, 387, 390, 391, 392, 393, 394, 395, 397, 398, 401, 404, 405, 406, 407, 411, 412, 413, 414, 415, 416, 420, 421, 423, 424, 425, 426, 428, 429, 431, 432, 434, 436, 437, 439, 441, 442, 444, 447, 448, 451, 453, 455, 456, 458, 459, 460, 462, 463, 467, 468, 469, 472, 475, 476, 480, 481, 483, 484, 485, 495, 496, 497, 499, 500, 501, 502, 504, 505, 508, 509, 511, 514, 525, 527, 529, 530, 531, 534, 535, 537, 538, 539, 540, 542, 543, 544, 549, 551, 552, 554, 557, 558, 560, 561, 562, 564, 565, 566, 567, 568, 569, 570, 571, 572, 573, 575, 578, 581, 582, 583, 584, 585, 586, 587, 590, 592, 593, 595, 596, 598, 599, 600, 601, 602, 603, 604, 605, 606, 607, 608, 609, 610, 611, 612, 614, 615, 616, 617, 618, 619, 620, 621, 623, 625, 627, 629, 630, 631, 632, 633, 634, 637, 638, 641, 644, 645, 646, 647, 648, 650, 651, 655, 656, 657, 658, 659, 661, 662, 665, 666, 670, 671, 673, 674, 675, 676, 677, 678, 679, 680, 681, 682, 683, 686, 687, 688, 691, 692, 693, 696, 697, 698, 699, 700, 701, 702, 704, 705, 707, 708, 709, 710, 712, 713, 718, 721, 724, 725, 727, 729, 730, 731, 733, 735, 736, 739, 740, 741, 742, 744, 745, 746, 750, 751, 752, 754, 756, 757, 760, 761, 762, 763, 765, 766, 767], "excluded_lines": []}, "": {"executed_lines": [], "summary": {"covered_lines": 0, "num_statements": 42, "percent_covered": 0.0, "percent_covered_display": "0", "missing_lines": 42, "excluded_lines": 0, "percent_statements_covered": 0.0, "percent_statements_covered_display": "0"}, "missing_lines": [1, 2, 3, 4, 5, 6, 7, 8, 9, 10, 11, 12, 13, 14, 15, 16, 17, 18, 20, 21, 62, 109, 122, 131, 149, 205, 267, 305, 379, 409, 418, 465, 478, 487, 547, 577, 769, 770, 771, 772, 773, 774], "excluded_lines": []}}}, "council.py": {"executed_lines": [], "summary": {"covered_lines": 0, "num_statements": 10, "percent_covered": 0.0, "percent_covered_display": "0", "missing_lines": 10, "excluded_lines": 0, "percent_statements_covered": 0.0, "percent_statements_covered_display": "0"}, "missing_lines": [7, 8, 9, 10, 11, 12, 13, 14, 15, 16], "excluded_lines": [], "functions": {"": {"executed_lines": [], "summary": {"covered_lines": 0, "num_statements": 10, "percent_covered": 0.0, "percent_covered_display": "0", "missing_lines": 10, "excluded_lines": 0, "percent_statements_covered": 0.0, "percent_statements_covered_display": "0"}, "missing_lines": [7, 8, 9, 10, 11, 12, 13, 14, 15, 16], "excluded_lines": []}}, "classes": {"": {"executed_lines": [], "summary": {"covered_lines": 0, "num_statements": 10, "percent_covered": 0.0, "percent_covered_display": "0", "missing_lines": 10, "excluded_lines": 0, "percent_statements_covered": 0.0, "percent_statements_covered_display": "0"}, "missing_lines": [7, 8, 9, 10, 11, 12, 13, 14, 15, 16], "excluded_lines": []}}}, "graph/__init__.py": {"executed_lines": [0], "summary": {"covered_lines": 0, "num_statements": 0, "percent_covered": 100.0, "percent_covered_display": "100", "missing_lines": 0, "excluded_lines": 0, "percent_statements_covered": 100.0, "percent_statements_covered_display": "100"}, "missing_lines": [], "excluded_lines": [], "functions": {"": {"executed_lines": [], "summary": {"covered_lines": 0, "num_statements": 0, "percent_covered": 100.0, "percent_covered_display": "100", "missing_lines": 0, "excluded_lines": 0, "percent_statements_covered": 100.0, "percent_statements_covered_display": "100"}, "missing_lines": [], "excluded_lines": []}}, "classes": {"": {"executed_lines": [], "summary": {"covered_lines": 0, "num_statements": 0, "percent_covered": 100.0, "percent_covered_display": "100", "missing_lines": 0, "excluded_lines": 0, "percent_statements_covered": 100.0, "percent_statements_covered_display": "100"}, "missing_lines": [], "excluded_lines": []}}}, "graph/attack_graph.py": {"executed_lines": [1, 12, 13, 14, 15, 16, 17, 18, 21, 22, 27, 34, 35, 36, 37, 40, 41, 43, 50, 54, 55, 63, 64, 65, 66, 67, 70, 73, 76, 78, 82, 83, 84, 85, 86, 87, 88, 91, 92, 93, 94, 95, 98, 99, 100, 101, 102, 105, 106, 107, 108, 109, 112, 113, 114, 115, 116, 118, 119, 120, 122, 123, 125, 126, 132, 133, 134, 135, 136, 138, 144, 145, 146, 147, 148, 149, 152, 153, 154, 155, 158, 168, 169, 170, 171, 172, 173, 176, 177, 178, 180, 184, 185, 186, 187, 190, 191, 193, 194, 195, 197, 206, 208, 218, 220, 222, 228, 229, 230, 231, 233, 234, 236, 238, 240, 245, 246, 251, 252, 258, 259, 261, 262, 264, 266, 267, 268, 271, 274, 275, 276, 279, 280, 281, 282, 287, 289, 292, 294, 295, 299], "summary": {"covered_lines": 139, "num_statements": 162, "percent_covered": 85.80246913580247, "percent_covered_display": "86", "missing_lines": 23, "excluded_lines": 0, "percent_statements_covered": 85.80246913580247, "percent_statements_covered_display": "86"}, "missing_lines": [51, 52, 127, 128, 129, 181, 284, 285, 296, 301, 304, 307, 308, 309, 310, 313, 314, 315, 318, 319, 321, 322, 323], "excluded_lines": [], "functions": {"AttackGraph.__init__": {"executed_lines": [34, 35, 36, 37, 40, 41], "summary": {"covered_lines": 6, "num_statements": 6, "percent_covered": 100.0, "percent_covered_display": "100", "missing_lines": 0, "excluded_lines": 0, "percent_statements_covered": 100.0, "percent_statements_covered_display": "100"}, "missing_lines": [], "excluded_lines": []}, "AttackGraph.parse_active_record": {"executed_lines": [50, 54, 55, 63, 64, 65, 66, 67, 70, 73, 76], "summary": {"covered_lines": 11, "num_statements": 13, "percent_covered": 84.61538461538461, "percent_covered_display": "85", "missing_lines": 2, "excluded_lines": 0, "percent_statements_covered": 84.61538461538461, "percent_statements_covered_display": "85"}, "missing_lines": [51, 52], "excluded_lines": []}, "AttackGraph._parse_log_line": {"executed_lines": [82, 83, 84, 85, 86, 87, 88, 91, 92, 93, 94, 95, 98, 99, 100, 101, 102, 105, 106, 107, 108, 109, 112, 113, 114, 115, 116, 118, 119, 120, 122, 123, 125, 126, 132, 133, 134, 135, 136], "summary": {"covered_lines": 39, "num_statements": 42, "percent_covered": 92.85714285714286, "percent_covered_display": "93", "missing_lines": 3, "excluded_lines": 0, "percent_statements_covered": 92.85714285714286, "percent_statements_covered_display": "93"}, "missing_lines": [127, 128, 129], "excluded_lines": []}, "AttackGraph._infer_relationships": {"executed_lines": [144, 145, 146, 147, 148, 149, 152, 153, 154, 155, 158, 168, 169, 170, 171, 172, 173, 176, 177, 178, 180, 184, 185, 186, 187, 190, 191, 193, 194, 195], "summary": {"covered_lines": 30, "num_statements": 31, "percent_covered": 96.7741935483871, "percent_covered_display": "97", "missing_lines": 1, "excluded_lines": 0, "percent_statements_covered": 96.7741935483871, "percent_statements_covered_display": "97"}, "missing_lines": [181], "excluded_lines": []}, "AttackGraph.add_node": {"executed_lines": [206], "summary": {"covered_lines": 1, "num_statements": 1, "percent_covered": 100.0, "percent_covered_display": "100", "missing_lines": 0, "excluded_lines": 0, "percent_statements_covered": 100.0, "percent_statements_covered_display": "100"}, "missing_lines": [], "excluded_lines": []}, "AttackGraph.add_edge": {"executed_lines": [218], "summary": {"covered_lines": 1, "num_statements": 1, "percent_covered": 100.0, "percent_covered_display": "100", "missing_lines": 0, "excluded_lines": 0, "percent_statements_covered": 100.0, "percent_statements_covered_display": "100"}, "missing_lines": [], "excluded_lines": []}, "AttackGraph.get_statistics": {"executed_lines": [222, 228, 229, 230, 231, 233, 234], "summary": {"covered_lines": 7, "num_statements": 7, "percent_covered": 100.0, "percent_covered_display": "100", "missing_lines": 0, "excluded_lines": 0, "percent_statements_covered": 100.0, "percent_statements_covered_display": "100"}, "missing_lines": [], "excluded_lines": []}, "AttackGraph.save_to_json": {"executed_lines": [238, 240, 245, 246, 251, 252, 258, 259, 261, 262], "summary": {"covered_lines": 10, "num_statements": 10, "percent_covered": 100.0, "percent_covered_display": "100", "missing_lines": 0, "excluded_lines": 0, "percent_statements_covered": 100.0, "percent_statements_covered_display": "100"}, "missing_lines": [], "excluded_lines": []}, "AttackGraph.load_from_json": {"executed_lines": [266, 267, 268, 271, 274, 275, 276, 279, 280, 281, 282], "summary": {"covered_lines": 11, "num_statements": 13, "percent_covered": 84.61538461538461, "percent_covered_display": "85", "missing_lines": 2, "excluded_lines": 0, "percent_statements_covered": 84.61538461538461, "percent_statements_covered_display": "85"}, "missing_lines": [284, 285], "excluded_lines": []}, "AttackGraph.get_nodes_by_type": {"executed_lines": [289], "summary": {"covered_lines": 1, "num_statements": 1, "percent_covered": 100.0, "percent_covered_display": "100", "missing_lines": 0, "excluded_lines": 0, "percent_statements_covered": 100.0, "percent_statements_covered_display": "100"}, "missing_lines": [], "excluded_lines": []}, "AttackGraph.get_neighbors": {"executed_lines": [294, 295], "summary": {"covered_lines": 2, "num_statements": 3, "percent_covered": 66.66666666666667, "percent_covered_display": "67", "missing_lines": 1, "excluded_lines": 0, "percent_statements_covered": 66.66666666666667, "percent_statements_covered_display": "67"}, "missing_lines": [296], "excluded_lines": []}, "": {"executed_lines": [1, 12, 13, 14, 15, 16, 17, 18, 21, 22, 27, 43, 78, 138, 197, 208, 220, 236, 264, 287, 292, 299], "summary": {"covered_lines": 20, "num_statements": 34, "percent_covered": 58.8235294117647, "percent_covered_display": "59", "missing_lines": 14, "excluded_lines": 0, "percent_statements_covered": 58.8235294117647, "percent_statements_covered_display": "59"}, "missing_lines": [301, 304, 307, 308, 309, 310, 313, 314, 315, 318, 319, 321, 322, 323], "excluded_lines": []}}, "classes": {"AttackGraph": {"executed_lines": [34, 35, 36, 37, 40, 41, 50, 54, 55, 63, 64, 65, 66, 67, 70, 73, 76, 82, 83, 84, 85, 86, 87, 88, 91, 92, 93, 94, 95, 98, 99, 100, 101, 102, 105, 106, 107, 108, 109, 112, 113, 114, 115, 116, 118, 119, 120, 122, 123, 125, 126, 132, 133, 134, 135, 136, 144, 145, 146, 147, 148, 149, 152, 153, 154, 155, 158, 168, 169, 170, 171, 172, 173, 176, 177, 178, 180, 184, 185, 186, 187, 190, 191, 193, 194, 195, 206, 218, 222, 228, 229, 230, 231, 233, 234, 238, 240, 245, 246, 251, 252, 258, 259, 261, 262, 266, 267, 268, 271, 274, 275, 276, 279, 280, 281, 282, 289, 294, 295], "summary": {"covered_lines": 119, "num_statements": 128, "percent_covered": 92.96875, "percent_covered_display": "93", "missing_lines": 9, "excluded_lines": 0, "percent_statements_covered": 92.96875, "percent_statements_covered_display": "93"}, "missing_lines": [51, 52, 127, 128, 129, 181, 284, 285, 296], "excluded_lines": []}, "": {"executed_lines": [1, 12, 13, 14, 15, 16, 17, 18, 21, 22, 27, 43, 78, 138, 197, 208, 220, 236, 264, 287, 292, 299], "summary": {"covered_lines": 20, "num_statements": 34, "percent_covered": 58.8235294117647, "percent_covered_display": "59", "missing_lines": 14, "excluded_lines": 0, "percent_statements_covered": 58.8235294117647, "percent_statements_covered_display": "59"}, "missing_lines": [301, 304, 307, 308, 309, 310, 313, 314, 315, 318, 319, 321, 322, 323], "excluded_lines": []}}}, "graph/graph_visualizer.py": {"executed_lines": [1, 8, 9, 12, 13, 16, 29, 40, 47, 49, 56, 57, 58, 61, 62, 63, 66, 67, 68, 69, 71, 72, 73, 74, 76, 77, 79, 86, 87, 88, 91, 92, 93, 94, 95, 96, 99, 100, 101, 102, 104, 105, 107, 108, 109, 111, 113, 114, 116, 127, 128, 129, 131, 132, 133, 134, 137, 138, 139, 142, 145, 146, 147, 150, 151, 152, 153, 154, 157, 158, 159, 162, 164, 165, 168, 169, 171, 174, 175, 178, 179, 180, 181, 184, 185, 187, 189, 191, 192, 194, 206, 208, 211, 212, 213, 214, 215, 216, 219, 220, 221, 222, 225, 227, 229, 236, 237, 238, 239, 240, 243], "summary": {"covered_lines": 109, "num_statements": 135, "percent_covered": 80.74074074074075, "percent_covered_display": "81", "missing_lines": 26, "excluded_lines": 0, "percent_statements_covered": 80.74074074074075, "percent_statements_covered_display": "81"}, "missing_lines": [148, 166, 170, 245, 246, 248, 250, 253, 256, 257, 258, 259, 260, 261, 262, 263, 264, 267, 268, 269, 270, 271, 272, 273, 276, 277], "excluded_lines": [], "functions": {"GraphVisualizer.__init__": {"executed_lines": [47], "summary": {"covered_lines": 1, "num_statements": 1, "percent_covered": 100.0, "percent_covered_display": "100", "missing_lines": 0, "excluded_lines": 0, "percent_statements_covered": 100.0, "percent_statements_covered_display": "100"}, "missing_lines": [], "excluded_lines": []}, "GraphVisualizer.render_statistics": {"executed_lines": [56, 57, 58, 61, 62, 63, 66, 67, 68, 69, 71, 72, 73, 74, 76, 77], "summary": {"covered_lines": 16, "num_statements": 16, "percent_covered": 100.0, "percent_covered_display": "100", "missing_lines": 0, "excluded_lines": 0, "percent_statements_covered": 100.0, "percent_statements_covered_display": "100"}, "missing_lines": [], "excluded_lines": []}, "GraphVisualizer.render_node_list": {"executed_lines": [86, 87, 88, 91, 92, 93, 94, 95, 96, 99, 100, 101, 102, 104, 105, 107, 108, 109, 111, 113, 114], "summary": {"covered_lines": 21, "num_statements": 21, "percent_covered": 100.0, "percent_covered_display": "100", "missing_lines": 0, "excluded_lines": 0, "percent_statements_covered": 100.0, "percent_statements_covered_display": "100"}, "missing_lines": [], "excluded_lines": []}, "GraphVisualizer.render_ascii_graph": {"executed_lines": [127, 128, 129, 131, 132, 133, 134, 137, 138, 139, 142, 145, 146, 147, 150, 151, 152, 153, 154, 157, 158, 159, 162, 164, 165, 168, 169, 171, 174, 175, 178, 179, 180, 181, 184, 185, 187, 189, 191, 192], "summary": {"covered_lines": 40, "num_statements": 43, "percent_covered": 93.02325581395348, "percent_covered_display": "93", "missing_lines": 3, "excluded_lines": 0, "percent_statements_covered": 93.02325581395348, "percent_statements_covered_display": "93"}, "missing_lines": [148, 166, 170], "excluded_lines": []}, "GraphVisualizer._select_important_nodes": {"executed_lines": [206, 208, 211, 212, 213, 214, 215, 216, 219, 220, 221, 222, 225, 227], "summary": {"covered_lines": 14, "num_statements": 14, "percent_covered": 100.0, "percent_covered_display": "100", "missing_lines": 0, "excluded_lines": 0, "percent_statements_covered": 100.0, "percent_statements_covered_display": "100"}, "missing_lines": [], "excluded_lines": []}, "GraphVisualizer.render_full": {"executed_lines": [236, 237, 238, 239, 240], "summary": {"covered_lines": 5, "num_statements": 5, "percent_covered": 100.0, "percent_covered_display": "100", "missing_lines": 0, "excluded_lines": 0, "percent_statements_covered": 100.0, "percent_statements_covered_display": "100"}, "missing_lines": [], "excluded_lines": []}, "": {"executed_lines": [1, 8, 9, 12, 13, 16, 29, 40, 49, 79, 116, 194, 229, 243], "summary": {"covered_lines": 12, "num_statements": 35, "percent_covered": 34.285714285714285, "percent_covered_display": "34", "missing_lines": 23, "excluded_lines": 0, "percent_statements_covered": 34.285714285714285, "percent_statements_covered_display": "34"}, "missing_lines": [245, 246, 248, 250, 253, 256, 257, 258, 259, 260, 261, 262, 263, 264, 267, 268, 269, 270, 271, 272, 273, 276, 277], "excluded_lines": []}}, "classes": {"GraphVisualizer": {"executed_lines": [47, 56, 57, 58, 61, 62, 63, 66, 67, 68, 69, 71, 72, 73, 74, 76, 77, 86, 87, 88, 91, 92, 93, 94, 95, 96, 99, 100, 101, 102, 104, 105, 107, 108, 109, 111, 113, 114, 127, 128, 129, 131, 132, 133, 134, 137, 138, 139, 142, 145, 146, 147, 150, 151, 152, 153, 154, 157, 158, 159, 162, 164, 165, 168, 169, 171, 174, 175, 178, 179, 180, 181, 184, 185, 187, 189, 191, 192, 206, 208, 211, 212, 213, 214, 215, 216, 219, 220, 221, 222, 225, 227, 236, 237, 238, 239, 240], "summary": {"covered_lines": 97, "num_statements": 100, "percent_covered": 97.0, "percent_covered_display": "97", "missing_lines": 3, "excluded_lines": 0, "percent_statements_covered": 97.0, "percent_statements_covered_display": "97"}, "missing_lines": [148, 166, 170], "excluded_lines": []}, "": {"executed_lines": [1, 8, 9, 12, 13, 16, 29, 40, 49, 79, 116, 194, 229, 243], "summary": {"covered_lines": 12, "num_statements": 35, "percent_covered": 34.285714285714285, "percent_covered_display": "34", "missing_lines": 23, "excluded_lines": 0, "percent_statements_covered": 34.285714285714285, "percent_statements_covered_display": "34"}, "missing_lines": [245, 246, 248, 250, 253, 256, 257, 258, 259, 260, 261, 262, 263, 264, 267, 268, 269, 270, 271, 272, 273, 276, 277], "excluded_lines": []}}}, "parsing/__init__.py": {"executed_lines": [0], "summary": {"covered_lines": 0, "num_statements": 0, "percent_covered": 100.0, "percent_covered_display": "100", "missing_lines": 0, "excluded_lines": 0, "percent_statements_covered": 100.0, "percent_statements_covered_display": "100"}, "missing_lines": [], "excluded_lines": [], "functions": {"": {"executed_lines": [], "summary": {"covered_lines": 0, "num_statements": 0, "percent_covered": 100.0, "percent_covered_display": "100", "missing_lines": 0, "excluded_lines": 0, "percent_statements_covered": 100.0, "percent_statements_covered_display": "100"}, "missing_lines": [], "excluded_lines": []}}, "classes": {"": {"executed_lines": [], "summary": {"covered_lines": 0, "num_statements": 0, "percent_covered": 100.0, "percent_covered_display": "100", "missing_lines": 0, "excluded_lines": 0, "percent_statements_covered": 100.0, "percent_statements_covered_display": "100"}, "missing_lines": [], "excluded_lines": []}}}, "parsing/discovery_parser.py": {"executed_lines": [1, 22, 23, 25, 26, 31, 33, 46, 51, 52, 55, 56, 57, 59, 61, 62, 70, 71, 83, 84, 85, 86, 94, 95, 96, 97, 105, 106, 107, 108, 116, 117, 118, 119, 127, 128, 129, 130, 138, 139, 140, 141, 149, 150, 151, 152, 160, 161, 162, 163, 170, 172, 174, 177, 178, 179, 181, 182, 190, 192, 205, 206, 207, 209, 210, 216, 222], "summary": {"covered_lines": 65, "num_statements": 84, "percent_covered": 77.38095238095238, "percent_covered_display": "77", "missing_lines": 19, "excluded_lines": 0, "percent_statements_covered": 77.38095238095238, "percent_statements_covered_display": "77"}, "missing_lines": [72, 74, 75, 180, 183, 184, 185, 186, 188, 212, 218, 219, 224, 232, 233, 234, 235, 236, 237], "excluded_lines": [], "functions": {"DiscoveryParser.__init__": {"executed_lines": [33], "summary": {"covered_lines": 1, "num_statements": 1, "percent_covered": 100.0, "percent_covered_display": "100", "missing_lines": 0, "excluded_lines": 0, "percent_statements_covered": 100.0, "percent_statements_covered_display": "100"}, "missing_lines": [], "excluded_lines": []}, "DiscoveryParser.extract_discoveries": {"executed_lines": [51, 52, 55, 56, 57, 59, 61, 62, 70, 71, 83, 84, 85, 86, 94, 95, 96, 97, 105, 106, 107, 108, 116, 117, 118, 119, 127, 128, 129, 130, 138, 139, 140, 141, 149, 150, 151, 152, 160, 161, 162, 163, 170], "summary": {"covered_lines": 43, "num_statements": 46, "percent_covered": 93.47826086956522, "percent_covered_display": "93", "missing_lines": 3, "excluded_lines": 0, "percent_statements_covered": 93.47826086956522, "percent_statements_covered_display": "93"}, "missing_lines": [72, 74, 75], "excluded_lines": []}, "DiscoveryParser._determine_ip_context": {"executed_lines": [174, 177, 178, 179, 181, 182], "summary": {"covered_lines": 6, "num_statements": 12, "percent_covered": 50.0, "percent_covered_display": "50", "missing_lines": 6, "excluded_lines": 0, "percent_statements_covered": 50.0, "percent_statements_covered_display": "50"}, "missing_lines": [180, 183, 184, 185, 186, 188], "excluded_lines": []}, "DiscoveryParser.format_discovery_log": {"executed_lines": [192, 205, 206, 207, 209, 210], "summary": {"covered_lines": 6, "num_statements": 7, "percent_covered": 85.71428571428571, "percent_covered_display": "86", "missing_lines": 1, "excluded_lines": 0, "percent_statements_covered": 85.71428571428571, "percent_statements_covered_display": "86"}, "missing_lines": [212], "excluded_lines": []}, "extract_discoveries": {"executed_lines": [], "summary": {"covered_lines": 0, "num_statements": 2, "percent_covered": 0.0, "percent_covered_display": "0", "missing_lines": 2, "excluded_lines": 0, "percent_statements_covered": 0.0, "percent_statements_covered_display": "0"}, "missing_lines": [218, 219], "excluded_lines": []}, "": {"executed_lines": [1, 22, 23, 25, 26, 31, 46, 172, 190, 216, 222], "summary": {"covered_lines": 9, "num_statements": 16, "percent_covered": 56.25, "percent_covered_display": "56", "missing_lines": 7, "excluded_lines": 0, "percent_statements_covered": 56.25, "percent_statements_covered_display": "56"}, "missing_lines": [224, 232, 233, 234, 235, 236, 237], "excluded_lines": []}}, "classes": {"DiscoveryParser": {"executed_lines": [33, 51, 52, 55, 56, 57, 59, 61, 62, 70, 71, 83, 84, 85, 86, 94, 95, 96, 97, 105, 106, 107, 108, 116, 117, 118, 119, 127, 128, 129, 130, 138, 139, 140, 141, 149, 150, 151, 152, 160, 161, 162, 163, 170, 174, 177, 178, 179, 181, 182, 192, 205, 206, 207, 209, 210], "summary": {"covered_lines": 56, "num_statements": 66, "percent_covered": 84.84848484848484, "percent_covered_display": "85", "missing_lines": 10, "excluded_lines": 0, "percent_statements_covered": 84.84848484848484, "percent_statements_covered_display": "85"}, "missing_lines": [72, 74, 75, 180, 183, 184, 185, 186, 188, 212], "excluded_lines": []}, "": {"executed_lines": [1, 22, 23, 25, 26, 31, 46, 172, 190, 216, 222], "summary": {"covered_lines": 9, "num_statements": 18, "percent_covered": 50.0, "percent_covered_display": "50", "missing_lines": 9, "excluded_lines": 0, "percent_statements_covered": 50.0, "percent_statements_covered_display": "50"}, "missing_lines": [218, 219, 224, 232, 233, 234, 235, 236, 237], "excluded_lines": []}}}, "parsing/logger.py": {"executed_lines": [], "summary": {"covered_lines": 0, "num_statements": 97, "percent_covered": 0.0, "percent_covered_display": "0", "missing_lines": 97, "excluded_lines": 0, "percent_statements_covered": 0.0, "percent_statements_covered_display": "0"}, "missing_lines": [6, 27, 28, 29, 31, 37, 44, 45, 46, 48, 53, 54, 56, 57, 69, 75, 76, 77, 78, 79, 80, 81, 83, 84, 85, 86, 88, 94, 107, 108, 111, 113, 115, 117, 123, 125, 126, 127, 129, 130, 131, 132, 133, 135, 137, 138, 139, 144, 145, 147, 148, 149, 151, 152, 153, 154, 155, 157, 159, 160, 161, 162, 163, 168, 169, 171, 172, 173, 175, 176, 177, 178, 179, 180, 181, 182, 183, 184, 185, 187, 188, 189, 191, 192, 194, 196, 198, 199, 200, 203, 205, 208, 215, 216, 217, 220, 221], "excluded_lines": [], "functions": {"Logger.__init__": {"executed_lines": [], "summary": {"covered_lines": 0, "num_statements": 3, "percent_covered": 0.0, "percent_covered_display": "0", "missing_lines": 3, "excluded_lines": 0, "percent_statements_covered": 0.0, "percent_statements_covered_display": "0"}, "missing_lines": [44, 45, 46], "excluded_lines": []}, "Logger.classify_log_section": {"executed_lines": [], "summary": {"covered_lines": 0, "num_statements": 16, "percent_covered": 0.0, "percent_covered_display": "0", "missing_lines": 16, "excluded_lines": 0, "percent_statements_covered": 0.0, "percent_statements_covered_display": "0"}, "missing_lines": [53, 54, 56, 57, 69, 75, 76, 77, 78, 79, 80, 81, 83, 84, 85, 86], "excluded_lines": []}, "Logger.auto_log_discovery": {"executed_lines": [], "summary": {"covered_lines": 0, "num_statements": 5, "percent_covered": 0.0, "percent_covered_display": "0", "missing_lines": 5, "excluded_lines": 0, "percent_statements_covered": 0.0, "percent_statements_covered_display": "0"}, "missing_lines": [94, 107, 108, 111, 113], "excluded_lines": []}, "Logger.add_pending_log": {"executed_lines": [], "summary": {"covered_lines": 0, "num_statements": 1, "percent_covered": 0.0, "percent_covered_display": "0", "missing_lines": 1, "excluded_lines": 0, "percent_statements_covered": 0.0, "percent_statements_covered_display": "0"}, "missing_lines": [117], "excluded_lines": []}, "Logger.review_pending_logs": {"executed_lines": [], "summary": {"covered_lines": 0, "num_statements": 50, "percent_covered": 0.0, "percent_covered_display": "0", "missing_lines": 50, "excluded_lines": 0, "percent_statements_covered": 0.0, "percent_statements_covered_display": "0"}, "missing_lines": [125, 126, 127, 129, 130, 131, 132, 133, 135, 137, 138, 139, 144, 145, 147, 148, 149, 151, 152, 153, 154, 155, 157, 159, 160, 161, 162, 163, 168, 169, 171, 172, 173, 175, 176, 177, 178, 179, 180, 181, 182, 183, 184, 185, 187, 188, 189, 191, 192, 194], "excluded_lines": []}, "Logger.clear_pending_logs": {"executed_lines": [], "summary": {"covered_lines": 0, "num_statements": 3, "percent_covered": 0.0, "percent_covered_display": "0", "missing_lines": 3, "excluded_lines": 0, "percent_statements_covered": 0.0, "percent_statements_covered_display": "0"}, "missing_lines": [198, 199, 200], "excluded_lines": []}, "": {"executed_lines": [], "summary": {"covered_lines": 0, "num_statements": 19, "percent_covered": 0.0, "percent_covered_display": "0", "missing_lines": 19, "excluded_lines": 0, "percent_statements_covered": 0.0, "percent_statements_covered_display": "0"}, "missing_lines": [6, 27, 28, 29, 31, 37, 48, 88, 115, 123, 196, 203, 205, 208, 215, 216, 217, 220, 221], "excluded_lines": []}}, "classes": {"Logger": {"executed_lines": [], "summary": {"covered_lines": 0, "num_statements": 78, "percent_covered": 0.0, "percent_covered_display": "0", "missing_lines": 78, "excluded_lines": 0, "percent_statements_covered": 0.0, "percent_statements_covered_display": "0"}, "missing_lines": [44, 45, 46, 53, 54, 56, 57, 69, 75, 76, 77, 78, 79, 80, 81, 83, 84, 85, 86, 94, 107, 108, 111, 113, 117, 125, 126, 127, 129, 130, 131, 132, 133, 135, 137, 138, 139, 144, 145, 147, 148, 149, 151, 152, 153, 154, 155, 157, 159, 160, 161, 162, 163, 168, 169, 171, 172, 173, 175, 176, 177, 178, 179, 180, 181, 182, 183, 184, 185, 187, 188, 189, 191, 192, 194, 198, 199, 200], "excluded_lines": []}, "": {"executed_lines": [], "summary": {"covered_lines": 0, "num_statements": 19, "percent_covered": 0.0, "percent_covered_display": "0", "missing_lines": 19, "excluded_lines": 0, "percent_statements_covered": 0.0, "percent_statements_covered_display": "0"}, "missing_lines": [6, 27, 28, 29, 31, 37, 48, 88, 115, 123, 196, 203, 205, 208, 215, 216, 217, 220, 221], "excluded_lines": []}}}, "tests/__init__.py": {"executed_lines": [1], "summary": {"covered_lines": 0, "num_statements": 0, "percent_covered": 100.0, "percent_covered_display": "100", "missing_lines": 0, "excluded_lines": 0, "percent_statements_covered": 100.0, "percent_statements_covered_display": "100"}, "missing_lines": [], "excluded_lines": [], "functions": {"": {"executed_lines": [1], "summary": {"covered_lines": 0, "num_statements": 0, "percent_covered": 100.0, "percent_covered_display": "100", "missing_lines": 0, "excluded_lines": 0, "percent_statements_covered": 100.0, "percent_statements_covered_display": "100"}, "missing_lines": [], "excluded_lines": []}}, "classes": {"": {"executed_lines": [1], "summary": {"covered_lines": 0, "num_statements": 0, "percent_covered": 100.0, "percent_covered_display": "100", "missing_lines": 0, "excluded_lines": 0, "percent_statements_covered": 100.0, "percent_statements_covered_display": "100"}, "missing_lines": [], "excluded_lines": []}}}, "tests/conftest.py": {"executed_lines": [1, 6, 7, 8, 9, 12, 13, 16, 17, 36, 37, 39, 40, 58, 61, 62, 64, 67, 68, 69, 71, 72, 73, 76, 77, 78, 80], "summary": {"covered_lines": 26, "num_statements": 31, "percent_covered": 83.87096774193549, "percent_covered_display": "84", "missing_lines": 5, "excluded_lines": 0, "percent_statements_covered": 83.87096774193549, "percent_statements_covered_display": "84"}, "missing_lines": [19, 20, 23, 24, 33], "excluded_lines": [], "functions": {"temp_project_dir": {"executed_lines": [], "summary": {"covered_lines": 0, "num_statements": 5, "percent_covered": 0.0, "percent_covered_display": "0", "missing_lines": 5, "excluded_lines": 0, "percent_statements_covered": 0.0, "percent_statements_covered_display": "0"}, "missing_lines": [19, 20, 23, 24, 33], "excluded_lines": []}, "sample_active_record": {"executed_lines": [39, 40, 58], "summary": {"covered_lines": 3, "num_statements": 3, "percent_covered": 100.0, "percent_covered_display": "100", "missing_lines": 0, "excluded_lines": 0, "percent_statements_covered": 100.0, "percent_statements_covered_display": "100"}, "missing_lines": [], "excluded_lines": []}, "mock_config": {"executed_lines": [64, 67, 68, 69, 71, 72, 73, 76, 77, 78, 80], "summary": {"covered_lines": 11, "num_statements": 11, "percent_covered": 100.0, "percent_covered_display": "100", "missing_lines": 0, "excluded_lines": 0, "percent_statements_covered": 100.0, "percent_statements_covered_display": "100"}, "missing_lines": [], "excluded_lines": []}, "": {"executed_lines": [1, 6, 7, 8, 9, 12, 13, 16, 17, 36, 37, 61, 62], "summary": {"covered_lines": 12, "num_statements": 12, "percent_covered": 100.0, "percent_covered_display": "100", "missing_lines": 0, "excluded_lines": 0, "percent_statements_covered": 100.0, "percent_statements_covered_display": "100"}, "missing_lines": [], "excluded_lines": []}}, "classes": {"": {"executed_lines": [1, 6, 7, 8, 9, 12, 13, 16, 17, 36, 37, 39, 40, 58, 61, 62, 64, 67, 68, 69, 71, 72, 73, 76, 77, 78, 80], "summary": {"covered_lines": 26, "num_statements": 31, "percent_covered": 83.87096774193549, "percent_covered_display": "84", "missing_lines": 5, "excluded_lines": 0, "percent_statements_covered": 83.87096774193549, "percent_statements_covered_display": "84"}, "missing_lines": [19, 20, 23, 24, 33], "excluded_lines": []}}}, "tests/test_attack_graph.py": {"executed_lines": [1, 6, 7, 8, 9, 12, 13, 15, 18, 19, 21, 23, 24, 25, 27, 29, 31, 33, 34, 35, 36, 38, 40, 42, 43, 44, 46, 47, 48, 50, 52, 53, 56, 57, 58, 60, 62, 63, 66, 67, 69, 71, 72, 75, 76, 78, 80, 81, 84, 85, 87, 89, 92, 93, 94, 97, 100, 103, 104, 106, 108, 110, 111, 112, 114, 116, 117, 118, 119, 121, 124, 125, 128, 129, 130, 131, 134, 137, 140, 141, 142, 143, 145, 147, 149, 150, 151, 153, 154, 155, 157, 158, 159, 160, 161, 162, 164, 166, 168, 169, 170, 171, 172, 174, 176, 177, 178, 180, 182, 183, 185, 186, 188, 190, 193, 194, 195, 196, 199, 202, 203, 206, 207, 210], "summary": {"covered_lines": 122, "num_statements": 123, "percent_covered": 99.1869918699187, "percent_covered_display": "99", "missing_lines": 1, "excluded_lines": 0, "percent_statements_covered": 99.1869918699187, "percent_statements_covered_display": "99"}, "missing_lines": [211], "excluded_lines": [], "functions": {"TestAttackGraph.test_init": {"executed_lines": [18, 19, 21, 23, 24, 25], "summary": {"covered_lines": 6, "num_statements": 6, "percent_covered": 100.0, "percent_covered_display": "100", "missing_lines": 0, "excluded_lines": 0, "percent_statements_covered": 100.0, "percent_statements_covered_display": "100"}, "missing_lines": [], "excluded_lines": []}, "TestAttackGraph.test_add_node": {"executed_lines": [29, 31, 33, 34, 35, 36], "summary": {"covered_lines": 6, "num_statements": 6, "percent_covered": 100.0, "percent_covered_display": "100", "missing_lines": 0, "excluded_lines": 0, "percent_statements_covered": 100.0, "percent_statements_covered_display": "100"}, "missing_lines": [], "excluded_lines": []}, "TestAttackGraph.test_add_edge": {"executed_lines": [40, 42, 43, 44, 46, 47, 48], "summary": {"covered_lines": 7, "num_statements": 7, "percent_covered": 100.0, "percent_covered_display": "100", "missing_lines": 0, "excluded_lines": 0, "percent_statements_covered": 100.0, "percent_statements_covered_display": "100"}, "missing_lines": [], "excluded_lines": []}, "TestAttackGraph.test_parse_ip_address": {"executed_lines": [52, 53, 56, 57, 58], "summary": {"covered_lines": 5, "num_statements": 5, "percent_covered": 100.0, "percent_covered_display": "100", "missing_lines": 0, "excluded_lines": 0, "percent_statements_covered": 100.0, "percent_statements_covered_display": "100"}, "missing_lines": [], "excluded_lines": []}, "TestAttackGraph.test_parse_service": {"executed_lines": [62, 63, 66, 67], "summary": {"covered_lines": 4, "num_statements": 4, "percent_covered": 100.0, "percent_covered_display": "100", "missing_lines": 0, "excluded_lines": 0, "percent_statements_covered": 100.0, "percent_statements_covered_display": "100"}, "missing_lines": [], "excluded_lines": []}, "TestAttackGraph.test_parse_port": {"executed_lines": [71, 72, 75, 76], "summary": {"covered_lines": 4, "num_statements": 4, "percent_covered": 100.0, "percent_covered_display": "100", "missing_lines": 0, "excluded_lines": 0, "percent_statements_covered": 100.0, "percent_statements_covered_display": "100"}, "missing_lines": [], "excluded_lines": []}, "TestAttackGraph.test_parse_vulnerability": {"executed_lines": [80, 81, 84, 85], "summary": {"covered_lines": 4, "num_statements": 4, "percent_covered": 100.0, "percent_covered_display": "100", "missing_lines": 0, "excluded_lines": 0, "percent_statements_covered": 100.0, "percent_statements_covered_display": "100"}, "missing_lines": [], "excluded_lines": []}, "TestAttackGraph.test_relationship_inference": {"executed_lines": [89, 92, 93, 94, 97, 100, 103, 104], "summary": {"covered_lines": 8, "num_statements": 8, "percent_covered": 100.0, "percent_covered_display": "100", "missing_lines": 0, "excluded_lines": 0, "percent_statements_covered": 100.0, "percent_statements_covered_display": "100"}, "missing_lines": [], "excluded_lines": []}, "TestAttackGraph.test_get_statistics": {"executed_lines": [108, 110, 111, 112, 114, 116, 117, 118, 119], "summary": {"covered_lines": 9, "num_statements": 9, "percent_covered": 100.0, "percent_covered_display": "100", "missing_lines": 0, "excluded_lines": 0, "percent_statements_covered": 100.0, "percent_statements_covered_display": "100"}, "missing_lines": [], "excluded_lines": []}, "TestAttackGraph.test_save_and_load_json": {"executed_lines": [124, 125, 128, 129, 130, 131, 134, 137, 140, 141, 142, 143], "summary": {"covered_lines": 12, "num_statements": 12, "percent_covered": 100.0, "percent_covered_display": "100", "missing_lines": 0, "excluded_lines": 0, "percent_statements_covered": 100.0, "percent_statements_covered_display": "100"}, "missing_lines": [], "excluded_lines": []}, "TestAttackGraph.test_get_nodes_by_type": {"executed_lines": [147, 149, 150, 151, 153, 154, 155, 157, 158, 159, 160, 161, 162], "summary": {"covered_lines": 13, "num_statements": 13, "percent_covered": 100.0, "percent_covered_display": "100", "missing_lines": 0, "excluded_lines": 0, "percent_statements_covered": 100.0, "percent_statements_covered_display": "100"}, "missing_lines": [], "excluded_lines": []}, "TestAttackGraph.test_get_neighbors": {"executed_lines": [166, 168, 169, 170, 171, 172, 174, 176, 177, 178], "summary": {"covered_lines": 10, "num_statements": 10, "percent_covered": 100.0, "percent_covered_display": "100", "missing_lines": 0, "excluded_lines": 0, "percent_statements_covered": 100.0, "percent_statements_covered_display": "100"}, "missing_lines": [], "excluded_lines": []}, "TestAttackGraph.test_empty_graph_statistics": {"executed_lines": [182, 183, 185, 186], "summary": {"covered_lines": 4, "num_statements": 4, "percent_covered": 100.0, "percent_covered_display": "100", "missing_lines": 0, "excluded_lines": 0, "percent_statements_covered": 100.0, "percent_statements_covered_display": "100"}, "missing_lines": [], "excluded_lines": []}, "TestAttackGraph.test_service_port_mapping": {"executed_lines": [190, 193, 194, 195, 196, 199, 202, 203, 206, 207], "summary": {"covered_lines": 10, "num_statements": 10, "percent_covered": 100.0, "percent_covered_display": "100", "missing_lines": 0, "excluded_lines": 0, "percent_statements_covered": 100.0, "percent_statements_covered_display": "100"}, "missing_lines": [], "excluded_lines": []}, "": {"executed_lines": [1, 6, 7, 8, 9, 12, 13, 15, 27, 38, 50, 60, 69, 78, 87, 106, 121, 145, 164, 180, 188, 210], "summary": {"covered_lines": 20, "num_statements": 21, "percent_covered": 95.23809523809524, "percent_covered_display": "95", "missing_lines": 1, "excluded_lines": 0, "percent_statements_covered": 95.23809523809524, "percent_statements_covered_display": "95"}, "missing_lines": [211], "excluded_lines": []}}, "classes": {"TestAttackGraph": {"executed_lines": [18, 19, 21, 23, 24, 25, 29, 31, 33, 34, 35, 36, 40, 42, 43, 44, 46, 47, 48, 52, 53, 56, 57, 58, 62, 63, 66, 67, 71, 72, 75, 76, 80, 81, 84, 85, 89, 92, 93, 94, 97, 100, 103, 104, 108, 110, 111, 112, 114, 116, 117, 118, 119, 124, 125, 128, 129, 130, 131, 134, 137, 140, 141, 142, 143, 147, 149, 150, 151, 153, 154, 155, 157, 158, 159, 160, 161, 162, 166, 168, 169, 170, 171, 172, 174, 176, 177, 178, 182, 183, 185, 186, 190, 193, 194, 195, 196, 199, 202, 203, 206, 207], "summary": {"covered_lines": 102, "num_statements": 102, "percent_covered": 100.0, "percent_covered_display": "100", "missing_lines": 0, "excluded_lines": 0, "percent_statements_covered": 100.0, "percent_statements_covered_display": "100"}, "missing_lines": [], "excluded_lines": []}, "": {"executed_lines": [1, 6, 7, 8, 9, 12, 13, 15, 27, 38, 50, 60, 69, 78, 87, 106, 121, 145, 164, 180, 188, 210], "summary": {"covered_lines": 20, "num_statements": 21, "percent_covered": 95.23809523809524, "percent_covered_display": "95", "missing_lines": 1, "excluded_lines": 0, "percent_statements_covered": 95.23809523809524, "percent_statements_covered_display": "95"}, "missing_lines": [211], "excluded_lines": []}}}, "tests/test_discovery_parser.py": {"executed_lines": [1, 6, 7, 10, 11, 13, 14, 16, 18, 20, 22, 23, 24, 25, 27, 29, 31, 32, 33, 35, 37, 39, 40, 41, 43, 45, 47, 48, 49, 51, 53, 55, 56, 57, 58, 60, 62, 64, 65, 66, 68, 70, 72, 73, 74, 76, 78, 80, 81, 82, 84, 86, 88, 89, 90, 92, 94, 96, 97, 98, 100, 102, 103, 105, 106, 107, 109, 111, 113, 114, 115, 117, 119, 125, 127, 128, 129, 131, 133, 139, 141, 142, 144, 146, 152, 154, 155, 157, 159, 161, 162, 164, 166, 170, 171, 172, 173, 174, 176, 178, 179, 181, 183, 184, 186, 188, 189, 191, 192, 194, 195, 196, 199], "summary": {"covered_lines": 111, "num_statements": 112, "percent_covered": 99.10714285714286, "percent_covered_display": "99", "missing_lines": 1, "excluded_lines": 0, "percent_statements_covered": 99.10714285714286, "percent_statements_covered_display": "99"}, "missing_lines": [200], "excluded_lines": [], "functions": {"TestDiscoveryParser.parser": {"executed_lines": [16], "summary": {"covered_lines": 1, "num_statements": 1, "percent_covered": 100.0, "percent_covered_display": "100", "missing_lines": 0, "excluded_lines": 0, "percent_statements_covered": 100.0, "percent_statements_covered_display": "100"}, "missing_lines": [], "excluded_lines": []}, "TestDiscoveryParser.test_extract_ip_address": {"executed_lines": [20, 22, 23, 24, 25], "summary": {"covered_lines": 5, "num_statements": 5, "percent_covered": 100.0, "percent_covered_display": "100", "missing_lines": 0, "excluded_lines": 0, "percent_statements_covered": 100.0, "percent_statements_covered_display": "100"}, "missing_lines": [], "excluded_lines": []}, "TestDiscoveryParser.test_extract_ip_with_context_dc": {"executed_lines": [29, 31, 32, 33], "summary": {"covered_lines": 4, "num_statements": 4, "percent_covered": 100.0, "percent_covered_display": "100", "missing_lines": 0, "excluded_lines": 0, "percent_statements_covered": 100.0, "percent_statements_covered_display": "100"}, "missing_lines": [], "excluded_lines": []}, "TestDiscoveryParser.test_extract_ip_with_context_target": {"executed_lines": [37, 39, 40, 41], "summary": {"covered_lines": 4, "num_statements": 4, "percent_covered": 100.0, "percent_covered_display": "100", "missing_lines": 0, "excluded_lines": 0, "percent_statements_covered": 100.0, "percent_statements_covered_display": "100"}, "missing_lines": [], "excluded_lines": []}, "TestDiscoveryParser.test_extract_port": {"executed_lines": [45, 47, 48, 49], "summary": {"covered_lines": 4, "num_statements": 4, "percent_covered": 100.0, "percent_covered_display": "100", "missing_lines": 0, "excluded_lines": 0, "percent_statements_covered": 100.0, "percent_statements_covered_display": "100"}, "missing_lines": [], "excluded_lines": []}, "TestDiscoveryParser.test_extract_open_port": {"executed_lines": [53, 55, 56, 57, 58], "summary": {"covered_lines": 5, "num_statements": 5, "percent_covered": 100.0, "percent_covered_display": "100", "missing_lines": 0, "excluded_lines": 0, "percent_statements_covered": 100.0, "percent_statements_covered_display": "100"}, "missing_lines": [], "excluded_lines": []}, "TestDiscoveryParser.test_extract_service": {"executed_lines": [62, 64, 65, 66], "summary": {"covered_lines": 4, "num_statements": 4, "percent_covered": 100.0, "percent_covered_display": "100", "missing_lines": 0, "excluded_lines": 0, "percent_statements_covered": 100.0, "percent_statements_covered_display": "100"}, "missing_lines": [], "excluded_lines": []}, "TestDiscoveryParser.test_extract_vulnerability_ms": {"executed_lines": [70, 72, 73, 74], "summary": {"covered_lines": 4, "num_statements": 4, "percent_covered": 100.0, "percent_covered_display": "100", "missing_lines": 0, "excluded_lines": 0, "percent_statements_covered": 100.0, "percent_statements_covered_display": "100"}, "missing_lines": [], "excluded_lines": []}, "TestDiscoveryParser.test_extract_vulnerability_cve": {"executed_lines": [78, 80, 81, 82], "summary": {"covered_lines": 4, "num_statements": 4, "percent_covered": 100.0, "percent_covered_display": "100", "missing_lines": 0, "excluded_lines": 0, "percent_statements_covered": 100.0, "percent_statements_covered_display": "100"}, "missing_lines": [], "excluded_lines": []}, "TestDiscoveryParser.test_extract_username": {"executed_lines": [86, 88, 89, 90], "summary": {"covered_lines": 4, "num_statements": 4, "percent_covered": 100.0, "percent_covered_display": "100", "missing_lines": 0, "excluded_lines": 0, "percent_statements_covered": 100.0, "percent_statements_covered_display": "100"}, "missing_lines": [], "excluded_lines": []}, "TestDiscoveryParser.test_extract_password": {"executed_lines": [94, 96, 97, 98], "summary": {"covered_lines": 4, "num_statements": 4, "percent_covered": 100.0, "percent_covered_display": "100", "missing_lines": 0, "excluded_lines": 0, "percent_statements_covered": 100.0, "percent_statements_covered_display": "100"}, "missing_lines": [], "excluded_lines": []}, "TestDiscoveryParser.test_extract_hash": {"executed_lines": [102, 103, 105, 106, 107], "summary": {"covered_lines": 5, "num_statements": 5, "percent_covered": 100.0, "percent_covered_display": "100", "missing_lines": 0, "excluded_lines": 0, "percent_statements_covered": 100.0, "percent_statements_covered_display": "100"}, "missing_lines": [], "excluded_lines": []}, "TestDiscoveryParser.test_extract_domain": {"executed_lines": [111, 113, 114, 115], "summary": {"covered_lines": 4, "num_statements": 4, "percent_covered": 100.0, "percent_covered_display": "100", "missing_lines": 0, "excluded_lines": 0, "percent_statements_covered": 100.0, "percent_statements_covered_display": "100"}, "missing_lines": [], "excluded_lines": []}, "TestDiscoveryParser.test_format_discovery_log_ip": {"executed_lines": [119, 125, 127, 128, 129], "summary": {"covered_lines": 5, "num_statements": 5, "percent_covered": 100.0, "percent_covered_display": "100", "missing_lines": 0, "excluded_lines": 0, "percent_statements_covered": 100.0, "percent_statements_covered_display": "100"}, "missing_lines": [], "excluded_lines": []}, "TestDiscoveryParser.test_format_discovery_log_port": {"executed_lines": [133, 139, 141, 142], "summary": {"covered_lines": 4, "num_statements": 4, "percent_covered": 100.0, "percent_covered_display": "100", "missing_lines": 0, "excluded_lines": 0, "percent_statements_covered": 100.0, "percent_statements_covered_display": "100"}, "missing_lines": [], "excluded_lines": []}, "TestDiscoveryParser.test_format_discovery_log_vuln": {"executed_lines": [146, 152, 154, 155], "summary": {"covered_lines": 4, "num_statements": 4, "percent_covered": 100.0, "percent_covered_display": "100", "missing_lines": 0, "excluded_lines": 0, "percent_statements_covered": 100.0, "percent_statements_covered_display": "100"}, "missing_lines": [], "excluded_lines": []}, "TestDiscoveryParser.test_skip_localhost_ip": {"executed_lines": [159, 161, 162], "summary": {"covered_lines": 3, "num_statements": 3, "percent_covered": 100.0, "percent_covered_display": "100", "missing_lines": 0, "excluded_lines": 0, "percent_statements_covered": 100.0, "percent_statements_covered_display": "100"}, "missing_lines": [], "excluded_lines": []}, "TestDiscoveryParser.test_multiple_discoveries_in_one_statement": {"executed_lines": [166, 170, 171, 172, 173, 174], "summary": {"covered_lines": 6, "num_statements": 6, "percent_covered": 100.0, "percent_covered_display": "100", "missing_lines": 0, "excluded_lines": 0, "percent_statements_covered": 100.0, "percent_statements_covered_display": "100"}, "missing_lines": [], "excluded_lines": []}, "TestDiscoveryParser.test_empty_input": {"executed_lines": [178, 179], "summary": {"covered_lines": 2, "num_statements": 2, "percent_covered": 100.0, "percent_covered_display": "100", "missing_lines": 0, "excluded_lines": 0, "percent_statements_covered": 100.0, "percent_statements_covered_display": "100"}, "missing_lines": [], "excluded_lines": []}, "TestDiscoveryParser.test_no_discoveries": {"executed_lines": [183, 184], "summary": {"covered_lines": 2, "num_statements": 2, "percent_covered": 100.0, "percent_covered_display": "100", "missing_lines": 0, "excluded_lines": 0, "percent_statements_covered": 100.0, "percent_statements_covered_display": "100"}, "missing_lines": [], "excluded_lines": []}, "TestDiscoveryParser.test_case_insensitive_service": {"executed_lines": [188, 189, 191, 192, 194, 195, 196], "summary": {"covered_lines": 7, "num_statements": 7, "percent_covered": 100.0, "percent_covered_display": "100", "missing_lines": 0, "excluded_lines": 0, "percent_statements_covered": 100.0, "percent_statements_covered_display": "100"}, "missing_lines": [], "excluded_lines": []}, "": {"executed_lines": [1, 6, 7, 10, 11, 13, 14, 18, 27, 35, 43, 51, 60, 68, 76, 84, 92, 100, 109, 117, 131, 144, 157, 164, 176, 181, 186, 199], "summary": {"covered_lines": 26, "num_statements": 27, "percent_covered": 96.29629629629629, "percent_covered_display": "96", "missing_lines": 1, "excluded_lines": 0, "percent_statements_covered": 96.29629629629629, "percent_statements_covered_display": "96"}, "missing_lines": [200], "excluded_lines": []}}, "classes": {"TestDiscoveryParser": {"executed_lines": [16, 20, 22, 23, 24, 25, 29, 31, 32, 33, 37, 39, 40, 41, 45, 47, 48, 49, 53, 55, 56, 57, 58, 62, 64, 65, 66, 70, 72, 73, 74, 78, 80, 81, 82, 86, 88, 89, 90, 94, 96, 97, 98, 102, 103, 105, 106, 107, 111, 113, 114, 115, 119, 125, 127, 128, 129, 133, 139, 141, 142, 146, 152, 154, 155, 159, 161, 162, 166, 170, 171, 172, 173, 174, 178, 179, 183, 184, 188, 189, 191, 192, 194, 195, 196], "summary": {"covered_lines": 85, "num_statements": 85, "percent_covered": 100.0, "percent_covered_display": "100", "missing_lines": 0, "excluded_lines": 0, "percent_statements_covered": 100.0, "percent_statements_covered_display": "100"}, "missing_lines": [], "excluded_lines": []}, "": {"executed_lines": [1, 6, 7, 10, 11, 13, 14, 18, 27, 35, 43, 51, 60, 68, 76, 84, 92, 100, 109, 117, 131, 144, 157, 164, 176, 181, 186, 199], "summary": {"covered_lines": 26, "num_statements": 27, "percent_covered": 96.29629629629629, "percent_covered_display": "96", "missing_lines": 1, "excluded_lines": 0, "percent_statements_covered": 96.29629629629629, "percent_statements_covered_display": "96"}, "missing_lines": [200], "excluded_lines": []}}}, "tests/test_graph_visualizer.py": {"executed_lines": [1, 6, 7, 8, 11, 12, 14, 15, 17, 20, 21, 22, 23, 24, 25, 26, 27, 30, 31, 32, 33, 34, 35, 37, 39, 41, 43, 44, 46, 48, 49, 52, 53, 54, 55, 56, 57, 58, 59, 61, 63, 64, 67, 68, 69, 70, 71, 72, 74, 76, 77, 80, 81, 83, 85, 86, 89, 90, 91, 93, 95, 96, 99, 100, 101, 103, 104, 106, 108, 111, 113, 115, 117, 119, 122, 123, 125, 126, 129, 131, 133, 135, 136, 137, 138, 140, 142, 144, 145, 146, 147, 148, 150, 152, 153, 155, 156, 158, 159, 160, 163], "summary": {"covered_lines": 99, "num_statements": 100, "percent_covered": 99.0, "percent_covered_display": "99", "missing_lines": 1, "excluded_lines": 0, "percent_statements_covered": 99.0, "percent_statements_covered_display": "99"}, "missing_lines": [164], "excluded_lines": [], "functions": {"TestGraphVisualizer.sample_graph": {"executed_lines": [17, 20, 21, 22, 23, 24, 25, 26, 27, 30, 31, 32, 33, 34, 35, 37], "summary": {"covered_lines": 16, "num_statements": 16, "percent_covered": 100.0, "percent_covered_display": "100", "missing_lines": 0, "excluded_lines": 0, "percent_statements_covered": 100.0, "percent_statements_covered_display": "100"}, "missing_lines": [], "excluded_lines": []}, "TestGraphVisualizer.test_init": {"executed_lines": [41, 43, 44], "summary": {"covered_lines": 3, "num_statements": 3, "percent_covered": 100.0, "percent_covered_display": "100", "missing_lines": 0, "excluded_lines": 0, "percent_statements_covered": 100.0, "percent_statements_covered_display": "100"}, "missing_lines": [], "excluded_lines": []}, "TestGraphVisualizer.test_render_statistics": {"executed_lines": [48, 49, 52, 53, 54, 55, 56, 57, 58, 59], "summary": {"covered_lines": 10, "num_statements": 10, "percent_covered": 100.0, "percent_covered_display": "100", "missing_lines": 0, "excluded_lines": 0, "percent_statements_covered": 100.0, "percent_statements_covered_display": "100"}, "missing_lines": [], "excluded_lines": []}, "TestGraphVisualizer.test_render_node_list": {"executed_lines": [63, 64, 67, 68, 69, 70, 71, 72], "summary": {"covered_lines": 8, "num_statements": 8, "percent_covered": 100.0, "percent_covered_display": "100", "missing_lines": 0, "excluded_lines": 0, "percent_statements_covered": 100.0, "percent_statements_covered_display": "100"}, "missing_lines": [], "excluded_lines": []}, "TestGraphVisualizer.test_render_ascii_graph": {"executed_lines": [76, 77, 80, 81], "summary": {"covered_lines": 4, "num_statements": 4, "percent_covered": 100.0, "percent_covered_display": "100", "missing_lines": 0, "excluded_lines": 0, "percent_statements_covered": 100.0, "percent_statements_covered_display": "100"}, "missing_lines": [], "excluded_lines": []}, "TestGraphVisualizer.test_render_full": {"executed_lines": [85, 86, 89, 90, 91], "summary": {"covered_lines": 5, "num_statements": 5, "percent_covered": 100.0, "percent_covered_display": "100", "missing_lines": 0, "excluded_lines": 0, "percent_statements_covered": 100.0, "percent_statements_covered_display": "100"}, "missing_lines": [], "excluded_lines": []}, "TestGraphVisualizer.test_empty_graph_rendering": {"executed_lines": [95, 96, 99, 100, 101, 103, 104], "summary": {"covered_lines": 7, "num_statements": 7, "percent_covered": 100.0, "percent_covered_display": "100", "missing_lines": 0, "excluded_lines": 0, "percent_statements_covered": 100.0, "percent_statements_covered_display": "100"}, "missing_lines": [], "excluded_lines": []}, "TestGraphVisualizer.test_select_important_nodes": {"executed_lines": [108, 111, 113, 115], "summary": {"covered_lines": 4, "num_statements": 4, "percent_covered": 100.0, "percent_covered_display": "100", "missing_lines": 0, "excluded_lines": 0, "percent_statements_covered": 100.0, "percent_statements_covered_display": "100"}, "missing_lines": [], "excluded_lines": []}, "TestGraphVisualizer.test_large_graph_limiting": {"executed_lines": [119, 122, 123, 125, 126, 129], "summary": {"covered_lines": 6, "num_statements": 6, "percent_covered": 100.0, "percent_covered_display": "100", "missing_lines": 0, "excluded_lines": 0, "percent_statements_covered": 100.0, "percent_statements_covered_display": "100"}, "missing_lines": [], "excluded_lines": []}, "TestGraphVisualizer.test_color_codes_present": {"executed_lines": [133, 135, 136, 137, 138], "summary": {"covered_lines": 5, "num_statements": 5, "percent_covered": 100.0, "percent_covered_display": "100", "missing_lines": 0, "excluded_lines": 0, "percent_statements_covered": 100.0, "percent_statements_covered_display": "100"}, "missing_lines": [], "excluded_lines": []}, "TestGraphVisualizer.test_icons_present": {"executed_lines": [142, 144, 145, 146, 147, 148], "summary": {"covered_lines": 6, "num_statements": 6, "percent_covered": 100.0, "percent_covered_display": "100", "missing_lines": 0, "excluded_lines": 0, "percent_statements_covered": 100.0, "percent_statements_covered_display": "100"}, "missing_lines": [], "excluded_lines": []}, "TestGraphVisualizer.test_single_node_graph": {"executed_lines": [152, 153, 155, 156, 158, 159, 160], "summary": {"covered_lines": 7, "num_statements": 7, "percent_covered": 100.0, "percent_covered_display": "100", "missing_lines": 0, "excluded_lines": 0, "percent_statements_covered": 100.0, "percent_statements_covered_display": "100"}, "missing_lines": [], "excluded_lines": []}, "": {"executed_lines": [1, 6, 7, 8, 11, 12, 14, 15, 39, 46, 61, 74, 83, 93, 106, 117, 131, 140, 150, 163], "summary": {"covered_lines": 18, "num_statements": 19, "percent_covered": 94.73684210526316, "percent_covered_display": "95", "missing_lines": 1, "excluded_lines": 0, "percent_statements_covered": 94.73684210526316, "percent_statements_covered_display": "95"}, "missing_lines": [164], "excluded_lines": []}}, "classes": {"TestGraphVisualizer": {"executed_lines": [17, 20, 21, 22, 23, 24, 25, 26, 27, 30, 31, 32, 33, 34, 35, 37, 41, 43, 44, 48, 49, 52, 53, 54, 55, 56, 57, 58, 59, 63, 64, 67, 68, 69, 70, 71, 72, 76, 77, 80, 81, 85, 86, 89, 90, 91, 95, 96, 99, 100, 101, 103, 104, 108, 111, 113, 115, 119, 122, 123, 125, 126, 129, 133, 135, 136, 137, 138, 142, 144, 145, 146, 147, 148, 152, 153, 155, 156, 158, 159, 160], "summary": {"covered_lines": 81, "num_statements": 81, "percent_covered": 100.0, "percent_covered_display": "100", "missing_lines": 0, "excluded_lines": 0, "percent_statements_covered": 100.0, "percent_statements_covered_display": "100"}, "missing_lines": [], "excluded_lines": []}, "": {"executed_lines": [1, 6, 7, 8, 11, 12, 14, 15, 39, 46, 61, 74, 83, 93, 106, 117, 131, 140, 150, 163], "summary": {"covered_lines": 18, "num_statements": 19, "percent_covered": 94.73684210526316, "percent_covered_display": "95", "missing_lines": 1, "excluded_lines": 0, "percent_statements_covered": 94.73684210526316, "percent_statements_covered_display": "95"}, "missing_lines": [164], "excluded_lines": []}}}, "tests/test_router.py": {"executed_lines": [1, 6, 7, 10, 11, 13, 14, 16, 18, 20, 21, 23, 25, 26, 28, 30, 31, 33, 35, 36, 38, 40, 43, 45, 47, 48, 50, 52, 53, 55, 57, 58, 60, 62, 63, 65, 67, 69, 71, 73, 74, 76, 78, 80, 82, 84, 85, 86, 88, 90, 94, 96, 98, 101, 104, 105, 107, 109, 111, 112, 115], "summary": {"covered_lines": 58, "num_statements": 59, "percent_covered": 98.30508474576271, "percent_covered_display": "98", "missing_lines": 1, "excluded_lines": 0, "percent_statements_covered": 98.30508474576271, "percent_statements_covered_display": "98"}, "missing_lines": [116], "excluded_lines": [], "functions": {"TestQueryRouter.router": {"executed_lines": [16], "summary": {"covered_lines": 1, "num_statements": 1, "percent_covered": 100.0, "percent_covered_display": "100", "missing_lines": 0, "excluded_lines": 0, "percent_statements_covered": 100.0, "percent_statements_covered_display": "100"}, "missing_lines": [], "excluded_lines": []}, "TestQueryRouter.test_strategic_keyword_plan": {"executed_lines": [20, 21], "summary": {"covered_lines": 2, "num_statements": 2, "percent_covered": 100.0, "percent_covered_display": "100", "missing_lines": 0, "excluded_lines": 0, "percent_statements_covered": 100.0, "percent_statements_covered_display": "100"}, "missing_lines": [], "excluded_lines": []}, "TestQueryRouter.test_strategic_keyword_analyze": {"executed_lines": [25, 26], "summary": {"covered_lines": 2, "num_statements": 2, "percent_covered": 100.0, "percent_covered_display": "100", "missing_lines": 0, "excluded_lines": 0, "percent_statements_covered": 100.0, "percent_statements_covered_display": "100"}, "missing_lines": [], "excluded_lines": []}, "TestQ
[...]
ecuted_lines": [79, 80, 81, 82, 85, 87, 88], "summary": {"covered_lines": 7, "num_statements": 7, "percent_covered": 100.0, "percent_covered_display": "100", "missing_lines": 0, "excluded_lines": 0, "percent_statements_covered": 100.0, "percent_statements_covered_display": "100"}, "missing_lines": [], "excluded_lines": []}, "TestProjectOperations.test_update_active_record": {"executed_lines": [92, 94, 96, 98, 99, 100], "summary": {"covered_lines": 6, "num_statements": 6, "percent_covered": 100.0, "percent_covered_display": "100", "missing_lines": 0, "excluded_lines": 0, "percent_statements_covered": 100.0, "percent_statements_covered_display": "100"}, "missing_lines": [], "excluded_lines": []}, "TestProjectOperations.test_get_active_record": {"executed_lines": [104, 105, 107, 109, 110], "summary": {"covered_lines": 5, "num_statements": 5, "percent_covered": 100.0, "percent_covered_display": "100", "missing_lines": 0, "excluded_lines": 0, "percent_statements_covered": 100.0, "percent_statements_covered_display": "100"}, "missing_lines": [], "excluded_lines": []}, "TestBackup.test_backup_creates_file": {"executed_lines": [119, 120, 123, 125, 127, 128, 130, 131], "summary": {"covered_lines": 8, "num_statements": 8, "percent_covered": 100.0, "percent_covered_display": "100", "missing_lines": 0, "excluded_lines": 0, "percent_statements_covered": 100.0, "percent_statements_covered_display": "100"}, "missing_lines": [], "excluded_lines": []}, "TestBackup.test_backup_limits_count": {"executed_lines": [135, 138, 139, 141, 142, 145], "summary": {"covered_lines": 6, "num_statements": 6, "percent_covered": 100.0, "percent_covered_display": "100", "missing_lines": 0, "excluded_lines": 0, "percent_statements_covered": 100.0, "percent_statements_covered_display": "100"}, "missing_lines": [], "excluded_lines": []}, "TestLessonsLearned.test_save_lessons_learned": {"executed_lines": [153, 155, 156, 158, 161, 162, 163, 166, 167, 168], "summary": {"covered_lines": 10, "num_statements": 10, "percent_covered": 100.0, "percent_covered_display": "100", "missing_lines": 0, "excluded_lines": 0, "percent_statements_covered": 100.0, "percent_statements_covered_display": "100"}, "missing_lines": [], "excluded_lines": []}, "": {"executed_lines": [1, 6, 7, 8, 9, 12, 13, 15, 20, 26, 35, 41, 47, 53, 54, 56, 64, 76, 90, 102, 113, 114, 116, 133, 148, 149, 151, 171], "summary": {"covered_lines": 23, "num_statements": 24, "percent_covered": 95.83333333333333, "percent_covered_display": "96", "missing_lines": 1, "excluded_lines": 0, "percent_statements_covered": 95.83333333333333, "percent_statements_covered_display": "96"}, "missing_lines": [172], "excluded_lines": []}}, "classes": {"TestSanitization": {"executed_lines": [17, 18, 22, 23, 24, 28, 29, 30, 31, 32, 33, 37, 38, 39, 43, 44, 45, 49, 50], "summary": {"covered_lines": 19, "num_statements": 19, "percent_covered": 100.0, "percent_covered_display": "100", "missing_lines": 0, "excluded_lines": 0, "percent_statements_covered": 100.0, "percent_statements_covered_display": "100"}, "missing_lines": [], "excluded_lines": []}, "TestProjectOperations": {"executed_lines": [58, 60, 61, 62, 66, 68, 69, 71, 72, 73, 74, 79, 80, 81, 82, 85, 87, 88, 92, 94, 96, 98, 99, 100, 104, 105, 107, 109, 110], "summary": {"covered_lines": 29, "num_statements": 29, "percent_covered": 100.0, "percent_covered_display": "100", "missing_lines": 0, "excluded_lines": 0, "percent_statements_covered": 100.0, "percent_statements_covered_display": "100"}, "missing_lines": [], "excluded_lines": []}, "TestBackup": {"executed_lines": [119, 120, 123, 125, 127, 128, 130, 131, 135, 138, 139, 141, 142, 145], "summary": {"covered_lines": 14, "num_statements": 14, "percent_covered": 100.0, "percent_covered_display": "100", "missing_lines": 0, "excluded_lines": 0, "percent_statements_covered": 100.0, "percent_statements_covered_display": "100"}, "missing_lines": [], "excluded_lines": []}, "TestLessonsLearned": {"executed_lines": [153, 155, 156, 158, 161, 162, 163, 166, 167, 168], "summary": {"covered_lines": 10, "num_statements": 10, "percent_covered": 100.0, "percent_covered_display": "100", "missing_lines": 0, "excluded_lines": 0, "percent_statements_covered": 100.0, "percent_statements_covered_display": "100"}, "missing_lines": [], "excluded_lines": []}, "": {"executed_lines": [1, 6, 7, 8, 9, 12, 13, 15, 20, 26, 35, 41, 47, 53, 54, 56, 64, 76, 90, 102, 113, 114, 116, 133, 148, 149, 151, 171], "summary": {"covered_lines": 23, "num_statements": 24, "percent_covered": 95.83333333333333, "percent_covered_display": "96", "missing_lines": 1, "excluded_lines": 0, "percent_statements_covered": 95.83333333333333, "percent_statements_covered_display": "96"}, "missing_lines": [172], "excluded_lines": []}}}, "ui/__init__.py": {"executed_lines": [], "summary": {"covered_lines": 0, "num_statements": 0, "percent_covered": 100.0, "percent_covered_display": "100", "missing_lines": 0, "excluded_lines": 0, "percent_statements_covered": 100.0, "percent_statements_covered_display": "100"}, "missing_lines": [], "excluded_lines": [], "functions": {"": {"executed_lines": [], "summary": {"covered_lines": 0, "num_statements": 0, "percent_covered": 100.0, "percent_covered_display": "100", "missing_lines": 0, "excluded_lines": 0, "percent_statements_covered": 100.0, "percent_statements_covered_display": "100"}, "missing_lines": [], "excluded_lines": []}}, "classes": {"": {"executed_lines": [], "summary": {"covered_lines": 0, "num_statements": 0, "percent_covered": 100.0, "percent_covered_display": "100", "missing_lines": 0, "excluded_lines": 0, "percent_statements_covered": 100.0, "percent_statements_covered_display": "100"}, "missing_lines": [], "excluded_lines": []}}}, "ui/terminal_renderer.py": {"executed_lines": [], "summary": {"covered_lines": 0, "num_statements": 114, "percent_covered": 0.0, "percent_covered_display": "0", "missing_lines": 114, "excluded_lines": 0, "percent_statements_covered": 0.0, "percent_statements_covered_display": "0"}, "missing_lines": [1, 3, 10, 11, 12, 13, 14, 17, 18, 19, 20, 21, 22, 23, 24, 27, 28, 29, 30, 31, 32, 33, 34, 37, 38, 39, 41, 43, 45, 47, 48, 51, 52, 53, 54, 55, 57, 59, 60, 61, 63, 64, 65, 66, 69, 70, 71, 73, 74, 75, 78, 79, 81, 83, 86, 87, 88, 89, 90, 91, 92, 93, 96, 98, 99, 100, 101, 103, 105, 106, 107, 108, 109, 112, 114, 117, 124, 131, 138, 144, 146, 148, 149, 152, 153, 154, 155, 158, 159, 160, 163, 164, 166, 168, 170, 171, 174, 176, 182, 188, 194, 201, 203, 209, 215, 221, 229, 231, 235, 237, 238, 241, 243, 281], "excluded_lines": [], "functions": {"TerminalRenderer.__init__": {"executed_lines": [], "summary": {"covered_lines": 0, "num_statements": 1, "percent_covered": 0.0, "percent_covered_display": "0", "missing_lines": 1, "excluded_lines": 0, "percent_statements_covered": 0.0, "percent_statements_covered_display": "0"}, "missing_lines": [43], "excluded_lines": []}, "TerminalRenderer.render": {"executed_lines": [], "summary": {"covered_lines": 0, "num_statements": 24, "percent_covered": 0.0, "percent_covered_display": "0", "missing_lines": 24, "excluded_lines": 0, "percent_statements_covered": 0.0, "percent_statements_covered_display": "0"}, "missing_lines": [47, 48, 51, 52, 53, 54, 55, 57, 59, 60, 61, 63, 64, 65, 66, 69, 70, 71, 73, 74, 75, 78, 79, 81], "excluded_lines": []}, "TerminalRenderer._render_line": {"executed_lines": [], "summary": {"covered_lines": 0, "num_statements": 20, "percent_covered": 0.0, "percent_covered_display": "0", "missing_lines": 20, "excluded_lines": 0, "percent_statements_covered": 0.0, "percent_statements_covered_display": "0"}, "missing_lines": [86, 87, 88, 89, 90, 91, 92, 93, 96, 98, 99, 100, 101, 103, 105, 106, 107, 108, 109, 112], "excluded_lines": []}, "TerminalRenderer._render_inline": {"executed_lines": [], "summary": {"covered_lines": 0, "num_statements": 5, "percent_covered": 0.0, "percent_covered_display": "0", "missing_lines": 5, "excluded_lines": 0, "percent_statements_covered": 0.0, "percent_statements_covered_display": "0"}, "missing_lines": [117, 124, 131, 138, 144], "excluded_lines": []}, "TerminalRenderer._render_code_block": {"executed_lines": [], "summary": {"covered_lines": 0, "num_statements": 12, "percent_covered": 0.0, "percent_covered_display": "0", "missing_lines": 12, "excluded_lines": 0, "percent_statements_covered": 0.0, "percent_statements_covered_display": "0"}, "missing_lines": [148, 149, 152, 153, 154, 155, 158, 159, 160, 163, 164, 166], "excluded_lines": []}, "TerminalRenderer._syntax_highlight": {"executed_lines": [], "summary": {"covered_lines": 0, "num_statements": 14, "percent_covered": 0.0, "percent_covered_display": "0", "missing_lines": 14, "excluded_lines": 0, "percent_statements_covered": 0.0, "percent_statements_covered_display": "0"}, "missing_lines": [170, 171, 174, 176, 182, 188, 194, 201, 203, 209, 215, 221, 229, 231], "excluded_lines": []}, "render_markdown": {"executed_lines": [], "summary": {"covered_lines": 0, "num_statements": 2, "percent_covered": 0.0, "percent_covered_display": "0", "missing_lines": 2, "excluded_lines": 0, "percent_statements_covered": 0.0, "percent_statements_covered_display": "0"}, "missing_lines": [237, 238], "excluded_lines": []}, "": {"executed_lines": [], "summary": {"covered_lines": 0, "num_statements": 36, "percent_covered": 0.0, "percent_covered_display": "0", "missing_lines": 36, "excluded_lines": 0, "percent_statements_covered": 0.0, "percent_statements_covered_display": "0"}, "missing_lines": [1, 3, 10, 11, 12, 13, 14, 17, 18, 19, 20, 21, 22, 23, 24, 27, 28, 29, 30, 31, 32, 33, 34, 37, 38, 39, 41, 45, 83, 114, 146, 168, 235, 241, 243, 281], "excluded_lines": []}}, "classes": {"TerminalRenderer": {"executed_lines": [], "summary": {"covered_lines": 0, "num_statements": 76, "percent_covered": 0.0, "percent_covered_display": "0", "missing_lines": 76, "excluded_lines": 0, "percent_statements_covered": 0.0, "percent_statements_covered_display": "0"}, "missing_lines": [43, 47, 48, 51, 52, 53, 54, 55, 57, 59, 60, 61, 63, 64, 65, 66, 69, 70, 71, 73, 74, 75, 78, 79, 81, 86, 87, 88, 89, 90, 91, 92, 93, 96, 98, 99, 100, 101, 103, 105, 106, 107, 108, 109, 112, 117, 124, 131, 138, 144, 148, 149, 152, 153, 154, 155, 158, 159, 160, 163, 164, 166, 170, 171, 174, 176, 182, 188, 194, 201, 203, 209, 215, 221, 229, 231], "excluded_lines": []}, "": {"executed_lines": [], "summary": {"covered_lines": 0, "num_statements": 38, "percent_covered": 0.0, "percent_covered_display": "0", "missing_lines": 38, "excluded_lines": 0, "percent_statements_covered": 0.0, "percent_statements_covered_display": "0"}, "missing_lines": [1, 3, 10, 11, 12, 13, 14, 17, 18, 19, 20, 21, 22, 23, 24, 27, 28, 29, 30, 31, 32, 33, 34, 37, 38, 39, 41, 45, 83, 114, 146, 168, 235, 237, 238, 241, 243, 281], "excluded_lines": []}}}, "ui/test_renderer.py": {"executed_lines": [], "summary": {"covered_lines": 0, "num_statements": 6, "percent_covered": 0.0, "percent_covered_display": "0", "missing_lines": 6, "excluded_lines": 0, "percent_statements_covered": 0.0, "percent_statements_covered_display": "0"}, "missing_lines": [1, 2, 3, 6, 30, 31], "excluded_lines": [], "functions": {"": {"executed_lines": [], "summary": {"covered_lines": 0, "num_statements": 6, "percent_covered": 0.0, "percent_covered_display": "0", "missing_lines": 6, "excluded_lines": 0, "percent_statements_covered": 0.0, "percent_statements_covered_display": "0"}, "missing_lines": [1, 2, 3, 6, 30, 31], "excluded_lines": []}}, "classes": {"": {"executed_lines": [], "summary": {"covered_lines": 0, "num_statements": 6, "percent_covered": 0.0, "percent_covered_display": "0", "missing_lines": 6, "excluded_lines": 0, "percent_statements_covered": 0.0, "percent_statements_covered_display": "0"}, "missing_lines": [1, 2, 3, 6, 30, 31], "excluded_lines": []}}}, "utils/__init__.py": {"executed_lines": [0], "summary": {"covered_lines": 0, "num_statements": 0, "percent_covered": 100.0, "percent_covered_display": "100", "missing_lines": 0, "excluded_lines": 0, "percent_statements_covered": 100.0, "percent_statements_covered_display": "100"}, "missing_lines": [], "excluded_lines": [], "functions": {"": {"executed_lines": [], "summary": {"covered_lines": 0, "num_statements": 0, "percent_covered": 100.0, "percent_covered_display": "100", "missing_lines": 0, "excluded_lines": 0, "percent_statements_covered": 100.0, "percent_statements_covered_display": "100"}, "missing_lines": [], "excluded_lines": []}}, "classes": {"": {"executed_lines": [], "summary": {"covered_lines": 0, "num_statements": 0, "percent_covered": 100.0, "percent_covered_display": "100", "missing_lines": 0, "excluded_lines": 0, "percent_statements_covered": 100.0, "percent_statements_covered_display": "100"}, "missing_lines": [], "excluded_lines": []}}}, "utils/project_status.py": {"executed_lines": [], "summary": {"covered_lines": 0, "num_statements": 32, "percent_covered": 0.0, "percent_covered_display": "0", "missing_lines": 32, "excluded_lines": 0, "percent_statements_covered": 0.0, "percent_statements_covered_display": "0"}, "missing_lines": [22, 23, 24, 25, 27, 32, 33, 35, 36, 38, 39, 45, 46, 48, 51, 56, 57, 58, 60, 61, 63, 64, 65, 67, 68, 69, 72, 74, 76, 77, 79, 83], "excluded_lines": [], "functions": {"mark_project_closed": {"executed_lines": [], "summary": {"covered_lines": 0, "num_statements": 9, "percent_covered": 0.0, "percent_covered_display": "0", "missing_lines": 9, "excluded_lines": 0, "percent_statements_covered": 0.0, "percent_statements_covered_display": "0"}, "missing_lines": [32, 33, 35, 36, 38, 39, 45, 46, 48], "excluded_lines": []}, "is_project_closed": {"executed_lines": [], "summary": {"covered_lines": 0, "num_statements": 11, "percent_covered": 0.0, "percent_covered_display": "0", "missing_lines": 11, "excluded_lines": 0, "percent_statements_covered": 0.0, "percent_statements_covered_display": "0"}, "missing_lines": [56, 57, 58, 60, 61, 63, 64, 65, 67, 68, 69], "excluded_lines": []}, "get_project_info": {"executed_lines": [], "summary": {"covered_lines": 0, "num_statements": 4, "percent_covered": 0.0, "percent_covered_display": "0", "missing_lines": 4, "excluded_lines": 0, "percent_statements_covered": 0.0, "percent_statements_covered_display": "0"}, "missing_lines": [74, 76, 77, 79], "excluded_lines": []}, "": {"executed_lines": [], "summary": {"covered_lines": 0, "num_statements": 8, "percent_covered": 0.0, "percent_covered_display": "0", "missing_lines": 8, "excluded_lines": 0, "percent_statements_covered": 0.0, "percent_statements_covered_display": "0"}, "missing_lines": [22, 23, 24, 25, 27, 51, 72, 83], "excluded_lines": []}}, "classes": {"": {"executed_lines": [], "summary": {"covered_lines": 0, "num_statements": 32, "percent_covered": 0.0, "percent_covered_display": "0", "missing_lines": 32, "excluded_lines": 0, "percent_statements_covered": 0.0, "percent_statements_covered_display": "0"}, "missing_lines": [22, 23, 24, 25, 27, 32, 33, 35, 36, 38, 39, 45, 46, 48, 51, 56, 57, 58, 60, 61, 63, 64, 65, 67, 68, 69, 72, 74, 76, 77, 79, 83], "excluded_lines": []}}}, "utils/tools.py": {"executed_lines": [1, 2, 3, 4, 5, 6, 7, 9, 15, 20, 23, 26, 29, 30, 32, 34, 40, 42, 46, 47, 48, 51, 52, 54, 55, 58, 59, 62, 66, 94, 97, 98, 99, 100, 102, 105, 106, 107, 110, 111, 112, 113, 114, 116, 117, 118, 120, 121, 122, 124, 126, 132, 133, 134, 137, 138, 141, 143, 147, 149, 150, 152, 154, 157, 158, 159, 160, 161, 164, 169, 172, 173, 174, 177, 178, 179, 182, 183, 184, 186], "summary": {"covered_lines": 80, "num_statements": 104, "percent_covered": 76.92307692307692, "percent_covered_display": "77", "missing_lines": 24, "excluded_lines": 0, "percent_statements_covered": 76.92307692307692, "percent_statements_covered_display": "77"}, "missing_lines": [43, 60, 63, 64, 70, 71, 72, 75, 76, 79, 80, 81, 82, 84, 85, 87, 88, 89, 90, 91, 92, 135, 144, 162], "excluded_lines": [], "functions": {"sanitize_project_name": {"executed_lines": [15, 20, 23, 26, 29, 30, 32], "summary": {"covered_lines": 7, "num_statements": 7, "percent_covered": 100.0, "percent_covered_display": "100", "missing_lines": 0, "excluded_lines": 0, "percent_statements_covered": 100.0, "percent_statements_covered_display": "100"}, "missing_lines": [], "excluded_lines": []}, "backup_active_record": {"executed_lines": [40, 42, 46, 47, 48, 51, 52, 54, 55, 58, 59, 62], "summary": {"covered_lines": 12, "num_statements": 16, "percent_covered": 75.0, "percent_covered_display": "75", "missing_lines": 4, "excluded_lines": 0, "percent_statements_covered": 75.0, "percent_statements_covered_display": "75"}, "missing_lines": [43, 60, 63, 64], "excluded_lines": []}, "search_official_docs": {"executed_lines": [], "summary": {"covered_lines": 0, "num_statements": 17, "percent_covered": 0.0, "percent_covered_display": "0", "missing_lines": 17, "excluded_lines": 0, "percent_statements_covered": 0.0, "percent_statements_covered_display": "0"}, "missing_lines": [70, 71, 72, 75, 76, 79, 80, 81, 82, 84, 85, 87, 88, 89, 90, 91, 92], "excluded_lines": []}, "init_project": {"executed_lines": [97, 98, 99, 100, 102, 105, 106, 107, 110, 111, 112, 113, 114, 116, 117, 118, 120, 121, 122, 124], "summary": {"covered_lines": 20, "num_statements": 20, "percent_covered": 100.0, "percent_covered_display": "100", "missing_lines": 0, "excluded_lines": 0, "percent_statements_covered": 100.0, "percent_statements_covered_display": "100"}, "missing_lines": [], "excluded_lines": []}, "update_active_record": {"executed_lines": [132, 133, 134, 137, 138, 141, 143, 147, 149, 150, 152], "summary": {"covered_lines": 11, "num_statements": 13, "percent_covered": 84.61538461538461, "percent_covered_display": "85", "missing_lines": 2, "excluded_lines": 0, "percent_statements_covered": 84.61538461538461, "percent_statements_covered_display": "85"}, "missing_lines": [135, 144], "excluded_lines": []}, "get_active_record": {"executed_lines": [157, 158, 159, 160, 161], "summary": {"covered_lines": 5, "num_statements": 6, "percent_covered": 83.33333333333333, "percent_covered_display": "83", "missing_lines": 1, "excluded_lines": 0, "percent_statements_covered": 83.33333333333333, "percent_statements_covered_display": "83"}, "missing_lines": [162], "excluded_lines": []}, "save_lessons_learned": {"executed_lines": [169, 172, 173, 174, 177, 178, 179, 182, 183, 184, 186], "summary": {"covered_lines": 11, "num_statements": 11, "percent_covered": 100.0, "percent_covered_display": "100", "missing_lines": 0, "excluded_lines": 0, "percent_statements_covered": 100.0, "percent_statements_covered_display": "100"}, "missing_lines": [], "excluded_lines": []}, "": {"executed_lines": [1, 2, 3, 4, 5, 6, 7, 9, 34, 66, 94, 126, 154, 164], "summary": {"covered_lines": 14, "num_statements": 14, "percent_covered": 100.0, "percent_covered_display": "100", "missing_lines": 0, "excluded_lines": 0, "percent_statements_covered": 100.0, "percent_statements_covered_display": "100"}, "missing_lines": [], "excluded_lines": []}}, "classes": {"": {"executed_lines": [1, 2, 3, 4, 5, 6, 7, 9, 15, 20, 23, 26, 29, 30, 32, 34, 40, 42, 46, 47, 48, 51, 52, 54, 55, 58, 59, 62, 66, 94, 97, 98, 99, 100, 102, 105, 106, 107, 110, 111, 112, 113, 114, 116, 117, 118, 120, 121, 122, 124, 126, 132, 133, 134, 137, 138, 141, 143, 147, 149, 150, 152, 154, 157, 158, 159, 160, 161, 164, 169, 172, 173, 174, 177, 178, 179, 182, 183, 184, 186], "summary": {"covered_lines": 80, "num_statements": 104, "percent_covered": 76.92307692307692, "percent_covered_display": "77", "missing_lines": 24, "excluded_lines": 0, "percent_statements_covered": 76.92307692307692, "percent_statements_covered_display": "77"}, "missing_lines": [43, 60, 63, 64, 70, 71, 72, 75, 76, 79, 80, 81, 82, 84, 85, 87, 88, 89, 90, 91, 92, 135, 144, 162], "excluded_lines": []}}}}, "totals": {"covered_lines": 953, "num_statements": 1898, "percent_covered": 50.21074815595364, "percent_covered_display": "50", "missing_lines": 945, "excluded_lines": 0, "percent_statements_covered": 50.21074815595364, "percent_statements_covered_display": "50"}}